{"obj": {"type": "AssignString", "path": ["sys", "name"], "value": "Untitled"}, "version": 1}
{"obj": {"type": "AssignString", "path": ["sys", "description"], "value": ""}, "version": 2}
{"obj": {"type": "AssignString", "path": ["sys", "hostname"], "value": "erikep-notebook-gpu-5c4b88cbcf-6c8xg"}, "version": 3}
{"obj": {"type": "AssignBool", "path": ["sys", "failed"], "value": false}, "version": 4}
{"obj": {"type": "ClearStringLog", "path": ["monitoring", "stdout"]}, "version": 5}
{"obj": {"type": "ClearStringLog", "path": ["monitoring", "stderr"]}, "version": 6}
{"obj": {"type": "AssignString", "path": ["source_code", "entrypoint"], "value": "IGTD_prediction.py"}, "version": 7}
{"obj": {"type": "UploadFileSet", "path": ["source_code", "files"], "file_globs": ["/home/jovyan/Tomics-CP-Chem-MoA/04_Tomics_Models/Erik_Models/IGTD_prediction.py"], "reset": "False"}, "version": 8}
{"obj": {"type": "ConfigFloatSeries", "path": ["monitoring", "cpu"], "min": 0.0, "max": 100.0, "unit": "%"}, "version": 9}
{"obj": {"type": "ClearFloatLog", "path": ["monitoring", "cpu"]}, "version": 10}
{"obj": {"type": "ConfigFloatSeries", "path": ["monitoring", "memory"], "min": 0.0, "max": 503.7883720397949, "unit": "GB"}, "version": 11}
{"obj": {"type": "ClearFloatLog", "path": ["monitoring", "memory"]}, "version": 12}
{"obj": {"type": "ConfigFloatSeries", "path": ["monitoring", "gpu"], "min": 0.0, "max": 100.0, "unit": "%"}, "version": 13}
{"obj": {"type": "ClearFloatLog", "path": ["monitoring", "gpu"]}, "version": 14}
{"obj": {"type": "ConfigFloatSeries", "path": ["monitoring", "gpu_memory"], "min": 0.0, "max": 10.91650390625, "unit": "GB"}, "version": 15}
{"obj": {"type": "ClearFloatLog", "path": ["monitoring", "gpu_memory"]}, "version": 16}
{"obj": {"type": "AssignString", "path": ["model"], "value": "IGTD"}, "version": 17}
{"obj": {"type": "LogFloats", "path": ["monitoring", "cpu"], "values": [{"value": 11.4, "step": null, "ts": 1680600686.0707784}]}, "version": 18}
{"obj": {"type": "AssignString", "path": ["filename"], "value": "erik_hq_8_12"}, "version": 19}
{"obj": {"type": "LogFloats", "path": ["monitoring", "memory"], "values": [{"value": 81.77874374389648, "step": null, "ts": 1680600686.0707784}]}, "version": 20}
{"obj": {"type": "AssignString", "path": ["parameters", "normalize"], "value": "pearson"}, "version": 21}
{"obj": {"type": "LogFloats", "path": ["monitoring", "gpu_memory"], "values": [{"value": 2.5889892578125, "step": null, "ts": 1680600686.0707784}]}, "version": 22}
{"obj": {"type": "AssignBool", "path": ["parameters", "class_weight"], "value": true}, "version": 23}
{"obj": {"type": "AssignInt", "path": ["parameters", "variance_threshold"], "value": 0}, "version": 24}
{"obj": {"type": "AssignString", "path": ["parameters", "loss_function"], "value": "CrossEntropyLoss()"}, "version": 25}
{"obj": {"type": "AssignFloat", "path": ["metrics", "f1_score"], "value": 0.30668558592861306}, "version": 26}
{"obj": {"type": "AssignFloat", "path": ["metrics", "accuracy"], "value": 0.8432098765432099}, "version": 27}
{"obj": {"type": "AssignFloat", "path": ["metrics", "loss"], "value": 3.410539872944355}, "version": 28}
{"obj": {"type": "AssignString", "path": ["metrics", "time"], "value": "29.54 sec"}, "version": 29}
{"obj": {"type": "AssignInt", "path": ["metrics", "epochs"], "value": 47}, "version": 30}
{"obj": {"type": "AssignFloat", "path": ["metrics", "test_f1"], "value": 0.21646454245455465}, "version": 31}
{"obj": {"type": "AssignFloat", "path": ["metrics", "test_accuracy"], "value": 0.4372093023255814}, "version": 32}
{"obj": {"type": "LogStrings", "path": ["monitoring", "stdout"], "values": [{"value": " Confusion Matrix: [[46  0  0  0  0  0  1  0  0  0]\n [ 1 57  0  0  0  0  0  0  0  0]\n [14 69  8  0  0  0 14  0  0 10]\n [ 6  2  1  0  0  0  1  0  0  0]\n [ 5  1  1  0  0  0  0  0  0  0]\n [10  2  2  0  0  0  1  0  0  0]\n [ 8  2  1  0  0  0 11  0  0  0]\n [10  1  0  0  0  0  0  0  0  0]\n [10  0  0  0  0  0  3  0  0  0]\n [39 27  0  0  0  0  0  0  0 66]]", "step": null, "ts": 1680600686.2170122}]}, "version": 33}
{"obj": {"type": "LogStrings", "path": ["monitoring", "stdout"], "values": [{"value": "\n", "step": null, "ts": 1680600686.307381}]}, "version": 34}
{"obj": {"type": "LogStrings", "path": ["monitoring", "stderr"], "values": [{"value": "/usr/local/lib/python3.8/dist-packages/sklearn/metrics/_classification.py:1334: UndefinedMetricWarning: Precision and F-score are ill-defined and being set to 0.0 in labels with no predicted samples. Use `zero_division` parameter to control this behavior.\n  _warn_prf(average, modifier, msg_start, len(result))\n", "step": null, "ts": 1680600687.304678}]}, "version": 35}
{"obj": {"type": "LogStrings", "path": ["monitoring", "stderr"], "values": [{"value": "/usr/local/lib/python3.8/dist-packages/sklearn/metrics/_classification.py:1334: UndefinedMetricWarning: Precision and F-score are ill-defined and being set to 0.0 in labels with no predicted samples. Use `zero_division` parameter to control this behavior.\n  _warn_prf(average, modifier, msg_start, len(result))\n", "step": null, "ts": 1680600687.3128126}]}, "version": 36}
{"obj": {"type": "LogStrings", "path": ["monitoring", "stdout"], "values": [{"value": "              precision    recall  f1-score   support\n\n        EGFR       0.31      0.98      0.47        47\n        HDAC       0.35      0.98      0.52        58\n        PARP       0.62      0.07      0.12       115\n        adre       0.00      0.00      0.00        10\n        adre       0.00      0.00      0.00         7\n        cycl       0.00      0.00      0.00        15\n        dopa       0.35      0.50      0.42        22\n        hist       0.00      0.00      0.00        11\n        phos       0.00      0.00      0.00        13\n        topo       0.87      0.50      0.63       132\n\n    accuracy                           0.44       430\n   macro avg       0.25      0.30      0.22       430\nweighted avg       0.53      0.44      0.37       430\n", "step": null, "ts": 1680600687.3147557}]}, "version": 37}
{"obj": {"type": "LogStrings", "path": ["monitoring", "stderr"], "values": [{"value": "/usr/local/lib/python3.8/dist-packages/sklearn/metrics/_classification.py:1334: UndefinedMetricWarning: Precision and F-score are ill-defined and being set to 0.0 in labels with no predicted samples. Use `zero_division` parameter to control this behavior.\n  _warn_prf(average, modifier, msg_start, len(result))\n", "step": null, "ts": 1680600687.3167922}]}, "version": 38}
{"obj": {"type": "UploadFile", "path": ["images", "loss"], "ext": "png", "file_path": "/home/jovyan/Tomics-CP-Chem-MoA/04_Tomics_Models/Best_Tomics_Model/saved_images/loss_train_val_IGTD_erik_hq_8_1204_04_2023-11:30:48.png", "tmp_file_name": null, "clean_after_upload": false}, "version": 39}
{"obj": {"type": "LogStrings", "path": ["monitoring", "stdout"], "values": [{"value": "\n", "step": null, "ts": 1680600687.3196583}]}, "version": 40}
{"obj": {"type": "UploadFile", "path": ["images", "accuracy"], "ext": "png", "file_path": "/home/jovyan/Tomics-CP-Chem-MoA/04_Tomics_Models/Best_Tomics_Model/saved_images/acc_train_val_IGTD_erik_hq_8_1204_04_2023-11:30:48.png", "tmp_file_name": null, "clean_after_upload": false}, "version": 41}
{"obj": {"type": "UploadFile", "path": ["files", "classification_info"], "ext": "txt", "file_path": "/home/jovyan/Tomics-CP-Chem-MoA/class_info.txt", "tmp_file_name": null, "clean_after_upload": false}, "version": 42}
{"obj": {"type": "UploadFile", "path": ["images", "Conf_matrix.png"], "ext": "png", "file_path": null, "tmp_file_name": "images_Conf_matrix.png-1680600687.367708-2023-04-04_11.31.27.367708.png", "clean_after_upload": false}, "version": 43}
{"obj": {"type": "LogStrings", "path": ["monitoring", "stdout"], "values": [{"value": "Shutting down background jobs, please wait a moment...\n", "step": null, "ts": 1680600688.132549}]}, "version": 44}
