{"obj": {"type": "AssignString", "path": ["sys", "name"], "value": "Untitled"}, "version": 1}
{"obj": {"type": "AssignString", "path": ["sys", "description"], "value": ""}, "version": 2}
{"obj": {"type": "AssignString", "path": ["sys", "hostname"], "value": "erikep-notebook-gpu3-766d57c488-pq4kc"}, "version": 3}
{"obj": {"type": "AssignBool", "path": ["sys", "failed"], "value": false}, "version": 4}
{"obj": {"type": "ClearStringLog", "path": ["monitoring", "stdout"]}, "version": 5}
{"obj": {"type": "ClearStringLog", "path": ["monitoring", "stderr"]}, "version": 6}
{"obj": {"type": "AssignString", "path": ["source_code", "entrypoint"], "value": "Erik_DeepInsight.py"}, "version": 7}
{"obj": {"type": "UploadFileSet", "path": ["source_code", "files"], "file_globs": ["/home/jovyan/Tomics-CP-Chem-MoA/04_Tomics_Models/Erik_Models/Erik_DeepInsight.py"], "reset": "False"}, "version": 8}
{"obj": {"type": "ConfigFloatSeries", "path": ["monitoring", "cpu"], "min": 0.0, "max": 100.0, "unit": "%"}, "version": 9}
{"obj": {"type": "ClearFloatLog", "path": ["monitoring", "cpu"]}, "version": 10}
{"obj": {"type": "ConfigFloatSeries", "path": ["monitoring", "memory"], "min": 0.0, "max": 503.78836822509766, "unit": "GB"}, "version": 11}
{"obj": {"type": "ClearFloatLog", "path": ["monitoring", "memory"]}, "version": 12}
{"obj": {"type": "ConfigFloatSeries", "path": ["monitoring", "gpu"], "min": 0.0, "max": 100.0, "unit": "%"}, "version": 13}
{"obj": {"type": "ClearFloatLog", "path": ["monitoring", "gpu"]}, "version": 14}
{"obj": {"type": "ConfigFloatSeries", "path": ["monitoring", "gpu_memory"], "min": 0.0, "max": 10.91650390625, "unit": "GB"}, "version": 15}
{"obj": {"type": "ClearFloatLog", "path": ["monitoring", "gpu_memory"]}, "version": 16}
{"obj": {"type": "AssignString", "path": ["model"], "value": "DeepInsight"}, "version": 17}
{"obj": {"type": "AssignString", "path": ["filename"], "value": "erik10_hq_8_12"}, "version": 18}
{"obj": {"type": "LogFloats", "path": ["monitoring", "cpu"], "values": [{"value": 67.3, "step": null, "ts": 1683109493.825297}]}, "version": 19}
{"obj": {"type": "AssignString", "path": ["parameters", "normalize"], "value": "False"}, "version": 20}
{"obj": {"type": "LogFloats", "path": ["monitoring", "memory"], "values": [{"value": 145.56874465942383, "step": null, "ts": 1683109493.825297}]}, "version": 21}
{"obj": {"type": "AssignBool", "path": ["parameters", "variance_threshold"], "value": false}, "version": 22}
{"obj": {"type": "LogFloats", "path": ["monitoring", "gpu_memory"], "values": [{"value": 1.2550048828125, "step": null, "ts": 1683109493.825297}]}, "version": 23}
{"obj": {"type": "AssignString", "path": ["parameters", "class_weight"], "value": "False"}, "version": 24}
{"obj": {"type": "AssignFloat", "path": ["parameters", "learning_rate"], "value": 0.0005706036846126339}, "version": 25}
{"obj": {"type": "AssignString", "path": ["parameters", "loss_fn_train"], "value": "false"}, "version": 26}
{"obj": {"type": "AssignString", "path": ["parameters", "loss_function"], "value": "BCEWithLogitsLoss()"}, "version": 27}
{"obj": {"type": "AssignString", "path": ["parameters", "learning_rate_scheduler"], "value": "default"}, "version": 28}
{"obj": {"type": "AssignString", "path": ["parameters", "pixel_size"], "value": "False"}, "version": 29}
{"obj": {"type": "AssignString", "path": ["metrics", "time"], "value": "1.8676666666666668 min"}, "version": 30}
{"obj": {"type": "AssignInt", "path": ["metrics", "epochs"], "value": 79}, "version": 31}
{"obj": {"type": "AssignFloat", "path": ["metrics", "test_f1"], "value": 0.4149872729209325}, "version": 32}
{"obj": {"type": "AssignFloat", "path": ["metrics", "test_accuracy"], "value": 0.6674418604651163}, "version": 33}
{"obj": {"type": "UploadFile", "path": ["images", "loss"], "ext": "png", "file_path": "/home/jovyan/Tomics-CP-Chem-MoA/04_Tomics_Models/Best_Tomics_Model/saved_images/loss_train_val_DeepInsight_erik10_hq_8_12_03_05_2023-12:22:56.png", "tmp_file_name": null, "clean_after_upload": false}, "version": 34}
{"obj": {"type": "UploadFile", "path": ["images", "accuracy"], "ext": "png", "file_path": "/home/jovyan/Tomics-CP-Chem-MoA/04_Tomics_Models/Best_Tomics_Model/saved_images/acc_train_val_DeepInsight_erik10_hq_8_12_03_05_2023-12:22:56.png", "tmp_file_name": null, "clean_after_upload": false}, "version": 35}
{"obj": {"type": "UploadFile", "path": ["optimal_model_checkpoint"], "ext": "pt", "file_path": "/home/jovyan/Tomics-CP-Chem-MoA/saved_models/DeepInsight.pt", "tmp_file_name": null, "clean_after_upload": false}, "version": 36}
{"obj": {"type": "AssignFloat", "path": ["metrics", "f1_score"], "value": 0.4194478317396076}, "version": 37}
{"obj": {"type": "AssignFloat", "path": ["metrics", "accuracy"], "value": 0.8358024691358025}, "version": 38}
{"obj": {"type": "LogStrings", "path": ["monitoring", "stdout"], "values": [{"value": " Confusion Matrix: [[ 37   0   0   0   0   0   9   0   1   0]\n [  0  52   1   0   0   0   1   0   0   4]\n [  0   0  43   0   0   1  17   0  12  42]\n [  1   0   0   0   0   0   3   0   6   0]\n [  1   0   3   0   0   2   1   0   0   0]\n [  3   0   0   0   0   5   0   0   7   0]\n [  0   0   1   0   0   0  19   0   2   0]\n [  1   0   5   0   1   1   1   0   1   1]\n [  0   0   1   0   1   3   3   0   5   0]\n [  2   0   1   0   0   0   1   0   2 126]]", "step": null, "ts": 1683109494.1356208}]}, "version": 39}
{"obj": {"type": "LogStrings", "path": ["monitoring", "stdout"], "values": [{"value": "\n", "step": null, "ts": 1683109494.1487262}]}, "version": 40}
{"obj": {"type": "LogStrings", "path": ["monitoring", "stderr"], "values": [{"value": "/home/jovyan/.local/lib/python3.8/site-packages/sklearn/metrics/_classification.py:1248: UndefinedMetricWarning: Precision and F-score are ill-defined and being set to 0.0 in labels with no predicted samples. Use `zero_division` parameter to control this behavior.\n  _warn_prf(average, modifier, msg_start, len(result))\n", "step": null, "ts": 1683109495.5763767}]}, "version": 41}
{"obj": {"type": "LogStrings", "path": ["monitoring", "stderr"], "values": [{"value": "/home/jovyan/.local/lib/python3.8/site-packages/sklearn/metrics/_classification.py:1248: UndefinedMetricWarning: Precision and F-score are ill-defined and being set to 0.0 in labels with no predicted samples. Use `zero_division` parameter to control this behavior.\n  _warn_prf(average, modifier, msg_start, len(result))\n", "step": null, "ts": 1683109495.583029}]}, "version": 42}
{"obj": {"type": "LogStrings", "path": ["monitoring", "stderr"], "values": [{"value": "/home/jovyan/.local/lib/python3.8/site-packages/sklearn/metrics/_classification.py:1248: UndefinedMetricWarning: Precision and F-score are ill-defined and being set to 0.0 in labels with no predicted samples. Use `zero_division` parameter to control this behavior.\n  _warn_prf(average, modifier, msg_start, len(result))\n", "step": null, "ts": 1683109495.586887}]}, "version": 43}
{"obj": {"type": "LogStrings", "path": ["monitoring", "stdout"], "values": [{"value": "              precision    recall  f1-score   support\n\n        EGFR       0.82      0.79      0.80        47\n        HDAC       1.00      0.90      0.95        58\n        PARP       0.78      0.37      0.51       115\n        adre       0.00      0.00      0.00        10\n        adre       0.00      0.00      0.00         7\n        cycl       0.42      0.33      0.37        15\n        dopa       0.35      0.86      0.49        22\n        hist       0.00      0.00      0.00        11\n        phos       0.14      0.38      0.20        13\n        topo       0.73      0.95      0.83       132\n\n    accuracy                           0.67       430\n   macro avg       0.42      0.46      0.41       430\nweighted avg       0.69      0.67      0.65       430\n", "step": null, "ts": 1683109495.588372}]}, "version": 44}
{"obj": {"type": "LogStrings", "path": ["monitoring", "stdout"], "values": [{"value": "\n", "step": null, "ts": 1683109495.5892284}]}, "version": 45}
{"obj": {"type": "UploadFile", "path": ["files", "classif_info"], "ext": "txt", "file_path": "/home/jovyan/Tomics-CP-Chem-MoA/data_for_models/random/class_info.txt", "tmp_file_name": null, "clean_after_upload": false}, "version": 46}
{"obj": {"type": "UploadFile", "path": ["images", "conf_matrix"], "ext": "png", "file_path": "/home/jovyan/Tomics-CP-Chem-MoA/data_for_models/random/conf_matrix.png", "tmp_file_name": null, "clean_after_upload": false}, "version": 47}
{"obj": {"type": "LogStrings", "path": ["monitoring", "stdout"], "values": [{"value": "Shutting down background jobs, please wait a moment...\n", "step": null, "ts": 1683109496.2147243}]}, "version": 48}
