{"obj": {"type": "AssignString", "path": ["sys", "name"], "value": "Untitled"}, "version": 1}
{"obj": {"type": "AssignString", "path": ["sys", "description"], "value": ""}, "version": 2}
{"obj": {"type": "AssignString", "path": ["sys", "hostname"], "value": "erikep-notebook-gpu3-766d57c488-pq4kc"}, "version": 3}
{"obj": {"type": "AssignBool", "path": ["sys", "failed"], "value": false}, "version": 4}
{"obj": {"type": "ClearStringLog", "path": ["monitoring", "stdout"]}, "version": 5}
{"obj": {"type": "ClearStringLog", "path": ["monitoring", "stderr"]}, "version": 6}
{"obj": {"type": "AssignString", "path": ["source_code", "entrypoint"], "value": "Erik_ML_battery.py"}, "version": 7}
{"obj": {"type": "UploadFileSet", "path": ["source_code", "files"], "file_globs": ["/home/jovyan/Tomics-CP-Chem-MoA/04_Tomics_Models/Erik_Models/Erik_ML_battery.py"], "reset": "False"}, "version": 8}
{"obj": {"type": "ConfigFloatSeries", "path": ["monitoring", "cpu"], "min": 0.0, "max": 100.0, "unit": "%"}, "version": 9}
{"obj": {"type": "ClearFloatLog", "path": ["monitoring", "cpu"]}, "version": 10}
{"obj": {"type": "ConfigFloatSeries", "path": ["monitoring", "memory"], "min": 0.0, "max": 503.7883720397949, "unit": "GB"}, "version": 11}
{"obj": {"type": "ClearFloatLog", "path": ["monitoring", "memory"]}, "version": 12}
{"obj": {"type": "ConfigFloatSeries", "path": ["monitoring", "gpu"], "min": 0.0, "max": 100.0, "unit": "%"}, "version": 13}
{"obj": {"type": "ClearFloatLog", "path": ["monitoring", "gpu"]}, "version": 14}
{"obj": {"type": "ConfigFloatSeries", "path": ["monitoring", "gpu_memory"], "min": 0.0, "max": 10.91650390625, "unit": "GB"}, "version": 15}
{"obj": {"type": "ClearFloatLog", "path": ["monitoring", "gpu_memory"]}, "version": 16}
{"obj": {"type": "AssignString", "path": ["model"], "value": "KNN"}, "version": 17}
{"obj": {"type": "AssignString", "path": ["filename"], "value": "erik10_hq_8_12"}, "version": 18}
{"obj": {"type": "LogFloats", "path": ["monitoring", "cpu"], "values": [{"value": 70.2, "step": null, "ts": 1682946737.9674094}]}, "version": 19}
{"obj": {"type": "LogFloats", "path": ["monitoring", "memory"], "values": [{"value": 210.42338943481445, "step": null, "ts": 1682946737.9674094}]}, "version": 20}
{"obj": {"type": "AssignString", "path": ["parameters", "normalize"], "value": "False"}, "version": 21}
{"obj": {"type": "LogFloats", "path": ["monitoring", "gpu_memory"], "values": [{"value": 3.1378173828125, "step": null, "ts": 1682946737.9674094}]}, "version": 22}
{"obj": {"type": "AssignBool", "path": ["parameters", "variance_threshold"], "value": false}, "version": 23}
{"obj": {"type": "AssignString", "path": ["parameters", "class_weight"], "value": "False"}, "version": 24}
{"obj": {"type": "AssignString", "path": ["parameters", "learning_rate"], "value": "False"}, "version": 25}
{"obj": {"type": "AssignString", "path": ["parameters", "loss_fn_train"], "value": "False"}, "version": 26}
{"obj": {"type": "AssignString", "path": ["parameters", "loss_function"], "value": "False"}, "version": 27}
{"obj": {"type": "AssignString", "path": ["parameters", "learning_rate_scheduler"], "value": "default"}, "version": 28}
{"obj": {"type": "AssignString", "path": ["parameters", "pixel_size"], "value": "False"}, "version": 29}
{"obj": {"type": "AssignString", "path": ["metrics", "time"], "value": "1.44 sec"}, "version": 30}
{"obj": {"type": "AssignString", "path": ["metrics", "epochs"], "value": "False"}, "version": 31}
{"obj": {"type": "AssignFloat", "path": ["metrics", "test_f1"], "value": 0.38247678860165263}, "version": 32}
{"obj": {"type": "AssignFloat", "path": ["metrics", "test_accuracy"], "value": 0.6592592592592592}, "version": 33}
{"obj": {"type": "LogStrings", "path": ["monitoring", "stdout"], "values": [{"value": " Confusion Matrix: [[112   0   5   2   0   0  27   2   1   1]\n [  0  27   1   0   0   0   1   0   0   0]\n [  0   0   2   0   0   0   0   0   0   0]\n [  3   0   2   2   0   0   0   0   2   0]\n [  1   0   2   3   0   1   2   1   0   0]\n [  5   1   6   0   0   2   3   2   2   0]\n [ 15   2   3  14   0   0  95   3   3   0]\n [  1   0   0   0   0   0   0   1   0   0]\n [  3   0   0   0   0   0   2   1   1   0]\n [  6   3   1   0   0   1   2   2   0  25]]", "step": null, "ts": 1682946738.153464}]}, "version": 34}
{"obj": {"type": "LogStrings", "path": ["monitoring", "stdout"], "values": [{"value": "\n", "step": null, "ts": 1682946738.1592267}]}, "version": 35}
{"obj": {"type": "LogStrings", "path": ["monitoring", "stderr"], "values": [{"value": "/home/jovyan/.local/lib/python3.8/site-packages/sklearn/metrics/_classification.py:1248: UndefinedMetricWarning: Precision and F-score are ill-defined and being set to 0.0 in labels with no predicted samples. Use `zero_division` parameter to control this behavior.\n  _warn_prf(average, modifier, msg_start, len(result))\n", "step": null, "ts": 1682946740.106495}]}, "version": 36}
{"obj": {"type": "LogStrings", "path": ["monitoring", "stderr"], "values": [{"value": "/home/jovyan/.local/lib/python3.8/site-packages/sklearn/metrics/_classification.py:1248: UndefinedMetricWarning: Precision and F-score are ill-defined and being set to 0.0 in labels with no predicted samples. Use `zero_division` parameter to control this behavior.\n  _warn_prf(average, modifier, msg_start, len(result))\n", "step": null, "ts": 1682946740.120459}]}, "version": 37}
{"obj": {"type": "LogStrings", "path": ["monitoring", "stderr"], "values": [{"value": "/home/jovyan/.local/lib/python3.8/site-packages/sklearn/metrics/_classification.py:1248: UndefinedMetricWarning: Precision and F-score are ill-defined and being set to 0.0 in labels with no predicted samples. Use `zero_division` parameter to control this behavior.\n  _warn_prf(average, modifier, msg_start, len(result))\n", "step": null, "ts": 1682946740.127429}]}, "version": 38}
{"obj": {"type": "LogStrings", "path": ["monitoring", "stdout"], "values": [{"value": "              precision    recall  f1-score   support\n\n        EGFR       0.77      0.75      0.76       150\n        HDAC       0.82      0.93      0.87        29\n        PARP       0.09      1.00      0.17         2\n        adre       0.10      0.22      0.13         9\n        adre       0.00      0.00      0.00        10\n        cycl       0.50      0.10      0.16        21\n        dopa       0.72      0.70      0.71       135\n        hist       0.08      0.50      0.14         2\n        phos       0.11      0.14      0.12         7\n        topo       0.96      0.62      0.76        40\n\n    accuracy                           0.66       405\n   macro avg       0.41      0.50      0.38       405\nweighted avg       0.71      0.66      0.67       405\n", "step": null, "ts": 1682946740.1300938}]}, "version": 39}
{"obj": {"type": "LogStrings", "path": ["monitoring", "stdout"], "values": [{"value": "\n", "step": null, "ts": 1682946740.1336336}]}, "version": 40}
{"obj": {"type": "UploadFile", "path": ["files", "classif_info"], "ext": "txt", "file_path": "/home/jovyan/Tomics-CP-Chem-MoA/data_for_models/random/class_info.txt", "tmp_file_name": null, "clean_after_upload": false}, "version": 41}
{"obj": {"type": "UploadFile", "path": ["images", "conf_matrix"], "ext": "png", "file_path": "/home/jovyan/Tomics-CP-Chem-MoA/data_for_models/random/conf_matrix.png", "tmp_file_name": null, "clean_after_upload": false}, "version": 42}
{"obj": {"type": "LogStrings", "path": ["monitoring", "stdout"], "values": [{"value": "Running Bagg model. ", "step": null, "ts": 1682946740.1465478}]}, "version": 43}
{"obj": {"type": "LogStrings", "path": ["monitoring", "stdout"], "values": [{"value": "\n", "step": null, "ts": 1682946740.1625235}]}, "version": 44}
{"obj": {"type": "LogFloats", "path": ["monitoring", "cpu"], "values": [{"value": 71.3, "step": null, "ts": 1682946748.1139593}]}, "version": 45}
{"obj": {"type": "LogFloats", "path": ["monitoring", "memory"], "values": [{"value": 211.61957550048828, "step": null, "ts": 1682946748.1139593}]}, "version": 46}
{"obj": {"type": "LogFloats", "path": ["monitoring", "gpu_memory"], "values": [{"value": 3.1378173828125, "step": null, "ts": 1682946748.1139593}]}, "version": 47}
{"obj": {"type": "LogStrings", "path": ["monitoring", "stdout"], "values": [{"value": "10.65", "step": null, "ts": 1682946750.7991197}]}, "version": 48}
{"obj": {"type": "LogStrings", "path": ["monitoring", "stdout"], "values": [{"value": "\n", "step": null, "ts": 1682946750.8011565}]}, "version": 49}
{"obj": {"type": "LogStrings", "path": ["monitoring", "stdout"], "values": [{"value": "\u2552\u2550\u2550\u2550\u2550\u2550\u2550\u2550\u2550\u2550\u2550\u2550\u2550\u2550\u2550\u2550\u2550\u2550\u2550\u2550\u2550\u2550\u2550\u2564\u2550\u2550\u2550\u2550\u2550\u2550\u2550\u2550\u2550\u2550\u2550\u2550\u2550\u2550\u2550\u2550\u2550\u2550\u2550\u2550\u2550\u2555\n\u2502 Time to Run Program  \u2502 10.65 sec           \u2502\n\u251c\u2500\u2500\u2500\u2500\u2500\u2500\u2500\u2500\u2500\u2500\u2500\u2500\u2500\u2500\u2500\u2500\u2500\u2500\u2500\u2500\u2500\u2500\u253c\u2500\u2500\u2500\u2500\u2500\u2500\u2500\u2500\u2500\u2500\u2500\u2500\u2500\u2500\u2500\u2500\u2500\u2500\u2500\u2500\u2500\u2524\n\u2502 Accuracy of Test Set \u2502 0.6024691358024692  \u2502\n\u251c\u2500\u2500\u2500\u2500\u2500\u2500\u2500\u2500\u2500\u2500\u2500\u2500\u2500\u2500\u2500\u2500\u2500\u2500\u2500\u2500\u2500\u2500\u253c\u2500\u2500\u2500\u2500\u2500\u2500\u2500\u2500\u2500\u2500\u2500\u2500\u2500\u2500\u2500\u2500\u2500\u2500\u2500\u2500\u2500\u2524\n\u2502 F1 Score of Test Set \u2502 0.32944680969733026 \u2502\n\u2558\u2550\u2550\u2550\u2550\u2550\u2550\u2550\u2550\u2550\u2550\u2550\u2550\u2550\u2550\u2550\u2550\u2550\u2550\u2550\u2550\u2550\u2550\u2567\u2550\u2550\u2550\u2550\u2550\u2550\u2550\u2550\u2550\u2550\u2550\u2550\u2550\u2550\u2550\u2550\u2550\u2550\u2550\u2550\u2550\u255b", "step": null, "ts": 1682946750.8126185}]}, "version": 50}
{"obj": {"type": "LogStrings", "path": ["monitoring", "stdout"], "values": [{"value": "\n", "step": null, "ts": 1682946750.8428183}]}, "version": 51}
{"obj": {"type": "LogStrings", "path": ["monitoring", "stdout"], "values": [{"value": "https://app.neptune.ai/erik-everett-palm/Tomics-Models/e/TOM1-502\n", "step": null, "ts": 1682946751.534491}]}, "version": 52}
{"obj": {"type": "LogStrings", "path": ["monitoring", "stdout"], "values": [{"value": " Confusion Matrix: [[125   1   3   2   0   0  17   2   0   0]\n [  0  28   0   0   0   0   0   0   0   1]\n [  0   0   1   0   0   0   0   0   1   0]\n [  1   0   6   1   0   0   0   0   1   0]\n [  2   0   0   1   0   1   3   0   3   0]\n [  6   1   5   0   0   4   2   0   3   0]\n [ 45   2   6   3   3   3  66   1   5   1]\n [  0   0   2   0   0   0   0   0   0   0]\n [  3   1   1   0   0   0   1   0   1   0]\n [  7   6   6   0   0   1   2   0   0  18]]", "step": null, "ts": 1682946751.7635305}]}, "version": 53}
{"obj": {"type": "LogStrings", "path": ["monitoring", "stdout"], "values": [{"value": "\n", "step": null, "ts": 1682946751.7852802}]}, "version": 54}
{"obj": {"type": "LogStrings", "path": ["monitoring", "stdout"], "values": [{"value": "              precision    recall  f1-score   support\n\n        EGFR       0.66      0.83      0.74       150\n        HDAC       0.72      0.97      0.82        29\n        PARP       0.03      0.50      0.06         2\n        adre       0.14      0.11      0.12         9\n        adre       0.00      0.00      0.00        10\n        cycl       0.44      0.19      0.27        21\n        dopa       0.73      0.49      0.58       135\n        hist       0.00      0.00      0.00         2\n        phos       0.07      0.14      0.10         7\n        topo       0.90      0.45      0.60        40\n\n    accuracy                           0.60       405\n   macro avg       0.37      0.37      0.33       405\nweighted avg       0.65      0.60      0.60       405\n", "step": null, "ts": 1682946753.7286577}]}, "version": 55}
{"obj": {"type": "LogStrings", "path": ["monitoring", "stdout"], "values": [{"value": "\n", "step": null, "ts": 1682946753.732369}]}, "version": 56}
{"obj": {"type": "LogStrings", "path": ["monitoring", "stdout"], "values": [{"value": "3", "step": null, "ts": 1682946753.750763}]}, "version": 57}
{"obj": {"type": "LogStrings", "path": ["monitoring", "stdout"], "values": [{"value": "\n", "step": null, "ts": 1682946753.7528973}]}, "version": 58}
{"obj": {"type": "LogFloats", "path": ["monitoring", "cpu"], "values": [{"value": 70.3, "step": null, "ts": 1682946758.128864}]}, "version": 59}
{"obj": {"type": "LogFloats", "path": ["monitoring", "memory"], "values": [{"value": 211.00036239624023, "step": null, "ts": 1682946758.128864}]}, "version": 60}
{"obj": {"type": "LogFloats", "path": ["monitoring", "gpu_memory"], "values": [{"value": 3.1378173828125, "step": null, "ts": 1682946758.128864}]}, "version": 61}
{"obj": {"type": "LogFloats", "path": ["monitoring", "cpu"], "values": [{"value": 70.9, "step": null, "ts": 1682946768.136601}]}, "version": 62}
{"obj": {"type": "LogFloats", "path": ["monitoring", "memory"], "values": [{"value": 210.32281112670898, "step": null, "ts": 1682946768.136601}]}, "version": 63}
{"obj": {"type": "LogFloats", "path": ["monitoring", "gpu_memory"], "values": [{"value": 3.1378173828125, "step": null, "ts": 1682946768.136601}]}, "version": 64}
