{"obj": {"type": "AssignString", "path": ["sys", "name"], "value": "Untitled"}, "version": 1}
{"obj": {"type": "AssignString", "path": ["sys", "description"], "value": ""}, "version": 2}
{"obj": {"type": "AssignString", "path": ["sys", "hostname"], "value": "erikep-notebook-gpu3-766d57c488-pq4kc"}, "version": 3}
{"obj": {"type": "AssignBool", "path": ["sys", "failed"], "value": false}, "version": 4}
{"obj": {"type": "ClearStringLog", "path": ["monitoring", "stdout"]}, "version": 5}
{"obj": {"type": "ClearStringLog", "path": ["monitoring", "stderr"]}, "version": 6}
{"obj": {"type": "AssignString", "path": ["source_code", "entrypoint"], "value": "IGTD_prediction.py"}, "version": 7}
{"obj": {"type": "UploadFileSet", "path": ["source_code", "files"], "file_globs": ["/home/jovyan/Tomics-CP-Chem-MoA/04_Tomics_Models/Erik_Models/IGTD_prediction.py"], "reset": "False"}, "version": 8}
{"obj": {"type": "ConfigFloatSeries", "path": ["monitoring", "cpu"], "min": 0.0, "max": 100.0, "unit": "%"}, "version": 9}
{"obj": {"type": "ClearFloatLog", "path": ["monitoring", "cpu"]}, "version": 10}
{"obj": {"type": "ConfigFloatSeries", "path": ["monitoring", "memory"], "min": 0.0, "max": 503.78836822509766, "unit": "GB"}, "version": 11}
{"obj": {"type": "ClearFloatLog", "path": ["monitoring", "memory"]}, "version": 12}
{"obj": {"type": "ConfigFloatSeries", "path": ["monitoring", "gpu"], "min": 0.0, "max": 100.0, "unit": "%"}, "version": 13}
{"obj": {"type": "ClearFloatLog", "path": ["monitoring", "gpu"]}, "version": 14}
{"obj": {"type": "ConfigFloatSeries", "path": ["monitoring", "gpu_memory"], "min": 0.0, "max": 10.91650390625, "unit": "GB"}, "version": 15}
{"obj": {"type": "ClearFloatLog", "path": ["monitoring", "gpu_memory"]}, "version": 16}
{"obj": {"type": "LogFloats", "path": ["monitoring", "cpu"], "values": [{"value": 78.7, "step": null, "ts": 1683110927.5009727}]}, "version": 17}
{"obj": {"type": "AssignString", "path": ["model"], "value": "IGTD"}, "version": 18}
{"obj": {"type": "LogFloats", "path": ["monitoring", "memory"], "values": [{"value": 124.2564811706543, "step": null, "ts": 1683110927.5009727}]}, "version": 19}
{"obj": {"type": "AssignString", "path": ["filename"], "value": "erik_hq_8_12"}, "version": 20}
{"obj": {"type": "LogFloats", "path": ["monitoring", "gpu_memory"], "values": [{"value": 1.1260986328125, "step": null, "ts": 1683110927.5009727}]}, "version": 21}
{"obj": {"type": "AssignString", "path": ["parameters", "normalize"], "value": "False"}, "version": 22}
{"obj": {"type": "AssignBool", "path": ["parameters", "variance_threshold"], "value": false}, "version": 23}
{"obj": {"type": "AssignString", "path": ["parameters", "class_weight"], "value": "False"}, "version": 24}
{"obj": {"type": "AssignFloat", "path": ["parameters", "learning_rate"], "value": 0.00046372531356603854}, "version": 25}
{"obj": {"type": "AssignString", "path": ["parameters", "loss_fn_train"], "value": "false"}, "version": 26}
{"obj": {"type": "AssignString", "path": ["parameters", "loss_function"], "value": "BCEWithLogitsLoss()"}, "version": 27}
{"obj": {"type": "AssignString", "path": ["parameters", "learning_rate_scheduler"], "value": "default"}, "version": 28}
{"obj": {"type": "AssignString", "path": ["parameters", "pixel_size"], "value": "False"}, "version": 29}
{"obj": {"type": "AssignString", "path": ["metrics", "time"], "value": "2.1253333333333333 min"}, "version": 30}
{"obj": {"type": "AssignInt", "path": ["metrics", "epochs"], "value": 113}, "version": 31}
{"obj": {"type": "AssignFloat", "path": ["metrics", "test_f1"], "value": 0.37872044129047794}, "version": 32}
{"obj": {"type": "AssignFloat", "path": ["metrics", "test_accuracy"], "value": 0.6}, "version": 33}
{"obj": {"type": "UploadFile", "path": ["images", "loss"], "ext": "png", "file_path": "/home/jovyan/Tomics-CP-Chem-MoA/04_Tomics_Models/Best_Tomics_Model/saved_images/loss_train_val_IGTD_erik_hq_8_12_03_05_2023-12:46:35.png", "tmp_file_name": null, "clean_after_upload": false}, "version": 34}
{"obj": {"type": "UploadFile", "path": ["images", "accuracy"], "ext": "png", "file_path": "/home/jovyan/Tomics-CP-Chem-MoA/04_Tomics_Models/Best_Tomics_Model/saved_images/acc_train_val_IGTD_erik_hq_8_12_03_05_2023-12:46:35.png", "tmp_file_name": null, "clean_after_upload": false}, "version": 35}
{"obj": {"type": "UploadFile", "path": ["optimal_model_checkpoint"], "ext": "pt", "file_path": "/home/jovyan/Tomics-CP-Chem-MoA/saved_models/IGTD.pt", "tmp_file_name": null, "clean_after_upload": false}, "version": 36}
{"obj": {"type": "AssignFloat", "path": ["metrics", "f1_score"], "value": 0.41404430172569173}, "version": 37}
{"obj": {"type": "AssignFloat", "path": ["metrics", "accuracy"], "value": 0.8271604938271605}, "version": 38}
{"obj": {"type": "LogStrings", "path": ["monitoring", "stdout"], "values": [{"value": " Confusion Matrix: [[ 26   1   0   0   0   2  17   0   1   0]\n [  0  56   1   0   0   0   0   0   0   1]\n [  5   6  43   2   1   4  13   0   7  34]\n [  0   0   0   1   0   2   4   1   2   0]\n [  1   0   1   0   0   1   3   0   1   0]\n [  0   1   0   0   1   5   6   1   1   0]\n [  1   1   1   0   0   0  19   0   0   0]\n [  0   0   1   1   0   2   3   0   0   4]\n [  1   0   1   3   1   0   3   0   4   0]\n [  4   9   0   1   0   3   8   0   3 104]]", "step": null, "ts": 1683110928.1916654}]}, "version": 39}
{"obj": {"type": "LogStrings", "path": ["monitoring", "stdout"], "values": [{"value": "\n", "step": null, "ts": 1683110928.2330809}]}, "version": 40}
{"obj": {"type": "LogStrings", "path": ["monitoring", "stdout"], "values": [{"value": "              precision    recall  f1-score   support\n\n        EGFR       0.68      0.55      0.61        47\n        HDAC       0.76      0.97      0.85        58\n        PARP       0.90      0.37      0.53       115\n        adre       0.12      0.10      0.11        10\n        adre       0.00      0.00      0.00         7\n        cycl       0.26      0.33      0.29        15\n        dopa       0.25      0.86      0.39        22\n        hist       0.00      0.00      0.00        11\n        phos       0.21      0.31      0.25        13\n        topo       0.73      0.79      0.76       132\n\n    accuracy                           0.60       430\n   macro avg       0.39      0.43      0.38       430\nweighted avg       0.67      0.60      0.59       430\n", "step": null, "ts": 1683110929.7141945}]}, "version": 41}
{"obj": {"type": "LogStrings", "path": ["monitoring", "stdout"], "values": [{"value": "\n", "step": null, "ts": 1683110929.717672}]}, "version": 42}
{"obj": {"type": "UploadFile", "path": ["files", "classif_info"], "ext": "txt", "file_path": "/home/jovyan/Tomics-CP-Chem-MoA/data_for_models/random/class_info.txt", "tmp_file_name": null, "clean_after_upload": false}, "version": 43}
{"obj": {"type": "UploadFile", "path": ["images", "conf_matrix"], "ext": "png", "file_path": "/home/jovyan/Tomics-CP-Chem-MoA/data_for_models/random/conf_matrix.png", "tmp_file_name": null, "clean_after_upload": false}, "version": 44}
{"obj": {"type": "LogStrings", "path": ["monitoring", "stdout"], "values": [{"value": "Shutting down background jobs, please wait a moment...\n", "step": null, "ts": 1683110930.458059}]}, "version": 45}
