{"obj": {"type": "AssignString", "path": ["sys", "name"], "value": "Untitled"}, "version": 1}
{"obj": {"type": "AssignString", "path": ["sys", "description"], "value": ""}, "version": 2}
{"obj": {"type": "AssignString", "path": ["sys", "hostname"], "value": "erikep-notebook-gpu3-766d57c488-pq4kc"}, "version": 3}
{"obj": {"type": "AssignBool", "path": ["sys", "failed"], "value": false}, "version": 4}
{"obj": {"type": "ClearStringLog", "path": ["monitoring", "stdout"]}, "version": 5}
{"obj": {"type": "ClearStringLog", "path": ["monitoring", "stderr"]}, "version": 6}
{"obj": {"type": "AssignString", "path": ["source_code", "entrypoint"], "value": "Erik_ML_battery.py"}, "version": 7}
{"obj": {"type": "UploadFileSet", "path": ["source_code", "files"], "file_globs": ["/home/jovyan/Tomics-CP-Chem-MoA/04_Tomics_Models/Erik_Models/Erik_ML_battery.py"], "reset": "False"}, "version": 8}
{"obj": {"type": "ConfigFloatSeries", "path": ["monitoring", "cpu"], "min": 0.0, "max": 100.0, "unit": "%"}, "version": 9}
{"obj": {"type": "ClearFloatLog", "path": ["monitoring", "cpu"]}, "version": 10}
{"obj": {"type": "ConfigFloatSeries", "path": ["monitoring", "memory"], "min": 0.0, "max": 503.7883720397949, "unit": "GB"}, "version": 11}
{"obj": {"type": "ClearFloatLog", "path": ["monitoring", "memory"]}, "version": 12}
{"obj": {"type": "ConfigFloatSeries", "path": ["monitoring", "gpu"], "min": 0.0, "max": 100.0, "unit": "%"}, "version": 13}
{"obj": {"type": "ClearFloatLog", "path": ["monitoring", "gpu"]}, "version": 14}
{"obj": {"type": "ConfigFloatSeries", "path": ["monitoring", "gpu_memory"], "min": 0.0, "max": 10.91650390625, "unit": "GB"}, "version": 15}
{"obj": {"type": "ClearFloatLog", "path": ["monitoring", "gpu_memory"]}, "version": 16}
{"obj": {"type": "AssignString", "path": ["model"], "value": "gradboost"}, "version": 17}
{"obj": {"type": "AssignString", "path": ["filename"], "value": "erik10_hq_8_12"}, "version": 18}
{"obj": {"type": "AssignString", "path": ["parameters", "normalize"], "value": "True"}, "version": 19}
{"obj": {"type": "AssignBool", "path": ["parameters", "variance_threshold"], "value": false}, "version": 20}
{"obj": {"type": "AssignString", "path": ["parameters", "class_weight"], "value": "False"}, "version": 21}
{"obj": {"type": "AssignString", "path": ["parameters", "learning_rate_scheduler"], "value": "default"}, "version": 22}
{"obj": {"type": "LogFloats", "path": ["monitoring", "cpu"], "values": [{"value": 58.4, "step": null, "ts": 1682774775.7593389}]}, "version": 23}
{"obj": {"type": "AssignString", "path": ["metrics", "time"], "value": "6.172 min"}, "version": 24}
{"obj": {"type": "LogFloats", "path": ["monitoring", "memory"], "values": [{"value": 200.65595626831055, "step": null, "ts": 1682774775.7593389}]}, "version": 25}
{"obj": {"type": "AssignFloat", "path": ["metrics", "test_f1"], "value": 0.34174641547025797}, "version": 26}
{"obj": {"type": "AssignFloat", "path": ["metrics", "test_accuracy"], "value": 0.6}, "version": 27}
{"obj": {"type": "LogStrings", "path": ["monitoring", "stdout"], "values": [{"value": " Confusion Matrix: [[ 37   0   0   0   0   0  10   0   0   0]\n [  0  57   0   0   0   0   1   0   0   0]\n [  2   8  39   1   2   7  22   2  27   5]\n [  1   0   3   0   0   0   5   0   1   0]\n [  0   1   2   1   0   0   2   0   1   0]\n [  5   1   5   0   1   0   2   0   1   0]\n [  0   0   3   0   0   0  18   0   1   0]\n [  2   0   3   0   0   2   3   0   1   0]\n [  3   0   1   0   0   0   6   0   3   0]\n [  3   7   3   0   2   4   2   3   4 104]]", "step": null, "ts": 1682774775.8544497}]}, "version": 28}
{"obj": {"type": "LogStrings", "path": ["monitoring", "stdout"], "values": [{"value": "\n", "step": null, "ts": 1682774775.8562777}]}, "version": 29}
{"obj": {"type": "LogStrings", "path": ["monitoring", "stdout"], "values": [{"value": "              precision    recall  f1-score   support\n\n        EGFR       0.70      0.79      0.74        47\n        HDAC       0.77      0.98      0.86        58\n        PARP       0.66      0.34      0.45       115\n        adre       0.00      0.00      0.00        10\n        adre       0.00      0.00      0.00         7\n        cycl       0.00      0.00      0.00        15\n        dopa       0.25      0.82      0.39        22\n        hist       0.00      0.00      0.00        11\n        phos       0.08      0.23      0.12        13\n        topo       0.95      0.79      0.86       132\n\n    accuracy                           0.60       430\n   macro avg       0.34      0.39      0.34       430\nweighted avg       0.67      0.60      0.61       430\n", "step": null, "ts": 1682774777.3641994}]}, "version": 30}
{"obj": {"type": "LogStrings", "path": ["monitoring", "stdout"], "values": [{"value": "\n", "step": null, "ts": 1682774777.3660414}]}, "version": 31}
{"obj": {"type": "UploadFile", "path": ["files", "classif_info"], "ext": "txt", "file_path": "/home/jovyan/Tomics-CP-Chem-MoA/data_for_models/random/class_info.txt", "tmp_file_name": null, "clean_after_upload": false}, "version": 32}
{"obj": {"type": "UploadFile", "path": ["images", "conf_matrix"], "ext": "png", "file_path": "/home/jovyan/Tomics-CP-Chem-MoA/data_for_models/random/conf_matrix.png", "tmp_file_name": null, "clean_after_upload": false}, "version": 33}
{"obj": {"type": "LogStrings", "path": ["monitoring", "stdout"], "values": [{"value": "Running KNN model. ", "step": null, "ts": 1682774777.3738272}]}, "version": 34}
{"obj": {"type": "LogStrings", "path": ["monitoring", "stdout"], "values": [{"value": "\n", "step": null, "ts": 1682774777.3761852}]}, "version": 35}
{"obj": {"type": "LogStrings", "path": ["monitoring", "stderr"], "values": [{"value": "/home/jovyan/.local/lib/python3.8/site-packages/sklearn/neighbors/_classification.py:211: FutureWarning: Unlike other reduction functions (e.g. `skew`, `kurtosis`), the default behavior of `mode` typically preserves the axis it acts along. In SciPy 1.11.0, this behavior will change: the default value of `keepdims` will become False, the `axis` over which the statistic is taken will be eliminated, and the value None will no longer be accepted. Set `keepdims` to True or False to avoid this warning.\n  mode, _ = stats.mode(_y[neigh_ind, k], axis=1)\n", "step": null, "ts": 1682774778.2833393}]}, "version": 36}
{"obj": {"type": "LogStrings", "path": ["monitoring", "stdout"], "values": [{"value": "1.05", "step": null, "ts": 1682774778.4260578}]}, "version": 37}
{"obj": {"type": "LogStrings", "path": ["monitoring", "stdout"], "values": [{"value": "\n", "step": null, "ts": 1682774778.4292538}]}, "version": 38}
{"obj": {"type": "LogStrings", "path": ["monitoring", "stdout"], "values": [{"value": "\u2552\u2550\u2550\u2550\u2550\u2550\u2550\u2550\u2550\u2550\u2550\u2550\u2550\u2550\u2550\u2550\u2550\u2550\u2550\u2550\u2550\u2550\u2550\u2564\u2550\u2550\u2550\u2550\u2550\u2550\u2550\u2550\u2550\u2550\u2550\u2550\u2550\u2550\u2550\u2550\u2550\u2550\u2550\u2550\u2555\n\u2502 Time to Run Program  \u2502 1.05 sec           \u2502\n\u251c\u2500\u2500\u2500\u2500\u2500\u2500\u2500\u2500\u2500\u2500\u2500\u2500\u2500\u2500\u2500\u2500\u2500\u2500\u2500\u2500\u2500\u2500\u253c\u2500\u2500\u2500\u2500\u2500\u2500\u2500\u2500\u2500\u2500\u2500\u2500\u2500\u2500\u2500\u2500\u2500\u2500\u2500\u2500\u2524\n\u2502 Accuracy of Test Set \u2502 0.5325581395348837 \u2502\n\u251c\u2500\u2500\u2500\u2500\u2500\u2500\u2500\u2500\u2500\u2500\u2500\u2500\u2500\u2500\u2500\u2500\u2500\u2500\u2500\u2500\u2500\u2500\u253c\u2500\u2500\u2500\u2500\u2500\u2500\u2500\u2500\u2500\u2500\u2500\u2500\u2500\u2500\u2500\u2500\u2500\u2500\u2500\u2500\u2524\n\u2502 F1 Score of Test Set \u2502 0.3174614265837409 \u2502\n\u2558\u2550\u2550\u2550\u2550\u2550\u2550\u2550\u2550\u2550\u2550\u2550\u2550\u2550\u2550\u2550\u2550\u2550\u2550\u2550\u2550\u2550\u2550\u2567\u2550\u2550\u2550\u2550\u2550\u2550\u2550\u2550\u2550\u2550\u2550\u2550\u2550\u2550\u2550\u2550\u2550\u2550\u2550\u2550\u255b", "step": null, "ts": 1682774778.4393113}]}, "version": 39}
{"obj": {"type": "LogStrings", "path": ["monitoring", "stdout"], "values": [{"value": "\n", "step": null, "ts": 1682774778.472241}]}, "version": 40}
{"obj": {"type": "LogStrings", "path": ["monitoring", "stdout"], "values": [{"value": "https://app.neptune.ai/erik-everett-palm/Tomics-Models/e/TOM1-486\n", "step": null, "ts": 1682774779.0639176}]}, "version": 41}
{"obj": {"type": "LogStrings", "path": ["monitoring", "stdout"], "values": [{"value": " Confusion Matrix: [[22  0  0  2  0  0 23  0  0  0]\n [ 2 53  0  0  0  0  3  0  0  0]\n [ 9  0 34  6  1  0 59  1  2  3]\n [ 2  0  1  4  0  0  1  0  2  0]\n [ 0  0  0  1  0  0  5  1  0  0]\n [ 4  0  7  0  0  0  3  0  1  0]\n [ 0  0  2  0  0  0 20  0  0  0]\n [ 2  0  0  1  1  0  7  0  0  0]\n [ 3  0  2  0  0  0  8  0  0  0]\n [14  1 12  0  0  0  8  0  1 96]]", "step": null, "ts": 1682774779.194884}]}, "version": 42}
{"obj": {"type": "LogStrings", "path": ["monitoring", "stdout"], "values": [{"value": "\n", "step": null, "ts": 1682774779.209104}]}, "version": 43}
{"obj": {"type": "LogStrings", "path": ["monitoring", "stderr"], "values": [{"value": "/home/jovyan/.local/lib/python3.8/site-packages/sklearn/metrics/_classification.py:1248: UndefinedMetricWarning: Precision and F-score are ill-defined and being set to 0.0 in labels with no predicted samples. Use `zero_division` parameter to control this behavior.\n  _warn_prf(average, modifier, msg_start, len(result))\n", "step": null, "ts": 1682774780.6133993}]}, "version": 44}
{"obj": {"type": "LogStrings", "path": ["monitoring", "stderr"], "values": [{"value": "/home/jovyan/.local/lib/python3.8/site-packages/sklearn/metrics/_classification.py:1248: UndefinedMetricWarning: Precision and F-score are ill-defined and being set to 0.0 in labels with no predicted samples. Use `zero_division` parameter to control this behavior.\n  _warn_prf(average, modifier, msg_start, len(result))\n", "step": null, "ts": 1682774780.6203284}]}, "version": 45}
{"obj": {"type": "LogStrings", "path": ["monitoring", "stderr"], "values": [{"value": "/home/jovyan/.local/lib/python3.8/site-packages/sklearn/metrics/_classification.py:1248: UndefinedMetricWarning: Precision and F-score are ill-defined and being set to 0.0 in labels with no predicted samples. Use `zero_division` parameter to control this behavior.\n  _warn_prf(average, modifier, msg_start, len(result))\n", "step": null, "ts": 1682774780.6243637}]}, "version": 46}
{"obj": {"type": "LogStrings", "path": ["monitoring", "stdout"], "values": [{"value": "              precision    recall  f1-score   support\n\n        EGFR       0.38      0.47      0.42        47\n        HDAC       0.98      0.91      0.95        58\n        PARP       0.59      0.30      0.39       115\n        adre       0.29      0.40      0.33        10\n        adre       0.00      0.00      0.00         7\n        cycl       0.00      0.00      0.00        15\n        dopa       0.15      0.91      0.25        22\n        hist       0.00      0.00      0.00        11\n        phos       0.00      0.00      0.00        13\n        topo       0.97      0.73      0.83       132\n\n    accuracy                           0.53       430\n   macro avg       0.33      0.37      0.32       430\nweighted avg       0.64      0.53      0.55       430\n", "step": null, "ts": 1682774780.6261916}]}, "version": 47}
{"obj": {"type": "LogStrings", "path": ["monitoring", "stdout"], "values": [{"value": "\n", "step": null, "ts": 1682774780.6279194}]}, "version": 48}
{"obj": {"type": "LogStrings", "path": ["monitoring", "stdout"], "values": [{"value": "Running Bagg model. ", "step": null, "ts": 1682774780.632552}]}, "version": 49}
{"obj": {"type": "LogStrings", "path": ["monitoring", "stdout"], "values": [{"value": "\n", "step": null, "ts": 1682774780.641225}]}, "version": 50}
{"obj": {"type": "LogFloats", "path": ["monitoring", "cpu"], "values": [{"value": 57.9, "step": null, "ts": 1682774785.8436916}]}, "version": 51}
{"obj": {"type": "LogFloats", "path": ["monitoring", "memory"], "values": [{"value": 198.37650680541992, "step": null, "ts": 1682774785.8436916}]}, "version": 52}
{"obj": {"type": "LogStrings", "path": ["monitoring", "stdout"], "values": [{"value": "8.06", "step": null, "ts": 1682774788.6910086}]}, "version": 53}
{"obj": {"type": "LogStrings", "path": ["monitoring", "stdout"], "values": [{"value": "\n", "step": null, "ts": 1682774788.6931477}]}, "version": 54}
{"obj": {"type": "LogStrings", "path": ["monitoring", "stdout"], "values": [{"value": "\u2552\u2550\u2550\u2550\u2550\u2550\u2550\u2550\u2550\u2550\u2550\u2550\u2550\u2550\u2550\u2550\u2550\u2550\u2550\u2550\u2550\u2550\u2550\u2564\u2550\u2550\u2550\u2550\u2550\u2550\u2550\u2550\u2550\u2550\u2550\u2550\u2550\u2550\u2550\u2550\u2550\u2550\u2550\u2550\u2550\u2555\n\u2502 Time to Run Program  \u2502 8.06 sec            \u2502\n\u251c\u2500\u2500\u2500\u2500\u2500\u2500\u2500\u2500\u2500\u2500\u2500\u2500\u2500\u2500\u2500\u2500\u2500\u2500\u2500\u2500\u2500\u2500\u253c\u2500\u2500\u2500\u2500\u2500\u2500\u2500\u2500\u2500\u2500\u2500\u2500\u2500\u2500\u2500\u2500\u2500\u2500\u2500\u2500\u2500\u2524\n\u2502 Accuracy of Test Set \u2502 0.5395348837209303  \u2502\n\u251c\u2500\u2500\u2500\u2500\u2500\u2500\u2500\u2500\u2500\u2500\u2500\u2500\u2500\u2500\u2500\u2500\u2500\u2500\u2500\u2500\u2500\u2500\u253c\u2500\u2500\u2500\u2500\u2500\u2500\u2500\u2500\u2500\u2500\u2500\u2500\u2500\u2500\u2500\u2500\u2500\u2500\u2500\u2500\u2500\u2524\n\u2502 F1 Score of Test Set \u2502 0.33770238562418653 \u2502\n\u2558\u2550\u2550\u2550\u2550\u2550\u2550\u2550\u2550\u2550\u2550\u2550\u2550\u2550\u2550\u2550\u2550\u2550\u2550\u2550\u2550\u2550\u2550\u2567\u2550\u2550\u2550\u2550\u2550\u2550\u2550\u2550\u2550\u2550\u2550\u2550\u2550\u2550\u2550\u2550\u2550\u2550\u2550\u2550\u2550\u255b", "step": null, "ts": 1682774788.6976688}]}, "version": 55}
{"obj": {"type": "LogStrings", "path": ["monitoring", "stdout"], "values": [{"value": "\n", "step": null, "ts": 1682774788.7251673}]}, "version": 56}
{"obj": {"type": "LogStrings", "path": ["monitoring", "stdout"], "values": [{"value": "https://app.neptune.ai/erik-everett-palm/Tomics-Models/e/TOM1-487\n", "step": null, "ts": 1682774789.2042415}]}, "version": 57}
{"obj": {"type": "LogStrings", "path": ["monitoring", "stdout"], "values": [{"value": " Confusion Matrix: [[38  0  0  0  0  0  9  0  0  0]\n [ 4 52  0  0  0  0  2  0  0  0]\n [ 9 10 39  6  1  3 24  0 14  9]\n [ 0  0  4  2  0  1  1  0  2  0]\n [ 0  1  2  0  0  1  3  0  0  0]\n [ 3  1  3  0  0  2  4  0  2  0]\n [ 6  0  0  1  0  0 14  0  1  0]\n [ 2  0  6  0  0  0  2  0  1  0]\n [ 4  1  2  1  0  0  2  0  3  0]\n [10 18 18  0  1  1  0  1  1 82]]", "step": null, "ts": 1682774789.3734329}]}, "version": 58}
{"obj": {"type": "LogStrings", "path": ["monitoring", "stdout"], "values": [{"value": "\n", "step": null, "ts": 1682774789.3955925}]}, "version": 59}
{"obj": {"type": "LogStrings", "path": ["monitoring", "stdout"], "values": [{"value": "              precision    recall  f1-score   support\n\n        EGFR       0.50      0.81      0.62        47\n        HDAC       0.63      0.90      0.74        58\n        PARP       0.53      0.34      0.41       115\n        adre       0.20      0.20      0.20        10\n        adre       0.00      0.00      0.00         7\n        cycl       0.25      0.13      0.17        15\n        dopa       0.23      0.64      0.34        22\n        hist       0.00      0.00      0.00        11\n        phos       0.12      0.23      0.16        13\n        topo       0.90      0.62      0.74       132\n\n    accuracy                           0.54       430\n   macro avg       0.34      0.39      0.34       430\nweighted avg       0.59      0.54      0.54       430\n", "step": null, "ts": 1682774790.8847182}]}, "version": 60}
{"obj": {"type": "LogStrings", "path": ["monitoring", "stdout"], "values": [{"value": "\n", "step": null, "ts": 1682774790.8901908}]}, "version": 61}
{"obj": {"type": "LogFloats", "path": ["monitoring", "cpu"], "values": [{"value": 57.8, "step": null, "ts": 1682774795.8510077}]}, "version": 62}
{"obj": {"type": "LogFloats", "path": ["monitoring", "memory"], "values": [{"value": 197.4836540222168, "step": null, "ts": 1682774795.8510077}]}, "version": 63}
{"obj": {"type": "LogFloats", "path": ["monitoring", "cpu"], "values": [{"value": 60.9, "step": null, "ts": 1682774805.8572233}]}, "version": 64}
{"obj": {"type": "LogFloats", "path": ["monitoring", "memory"], "values": [{"value": 199.1665916442871, "step": null, "ts": 1682774805.8572233}]}, "version": 65}
{"obj": {"type": "LogFloats", "path": ["monitoring", "cpu"], "values": [{"value": 57.5, "step": null, "ts": 1682774815.8642275}]}, "version": 66}
{"obj": {"type": "LogFloats", "path": ["monitoring", "memory"], "values": [{"value": 200.4475326538086, "step": null, "ts": 1682774815.8642275}]}, "version": 67}
{"obj": {"type": "LogStrings", "path": ["monitoring", "stdout"], "values": [{"value": "passed veracity test!", "step": null, "ts": 1682774817.633054}]}, "version": 68}
{"obj": {"type": "LogStrings", "path": ["monitoring", "stdout"], "values": [{"value": "\n", "step": null, "ts": 1682774817.6927762}]}, "version": 69}
{"obj": {"type": "LogStrings", "path": ["monitoring", "stdout"], "values": [{"value": "pre-processing data!", "step": null, "ts": 1682774817.6951416}]}, "version": 70}
{"obj": {"type": "LogStrings", "path": ["monitoring", "stdout"], "values": [{"value": "\n", "step": null, "ts": 1682774817.6998687}]}, "version": 71}
{"obj": {"type": "LogStrings", "path": ["monitoring", "stdout"], "values": [{"value": "extracting training transcriptomes", "step": null, "ts": 1682774817.7064233}]}, "version": 72}
{"obj": {"type": "LogStrings", "path": ["monitoring", "stdout"], "values": [{"value": "\n", "step": null, "ts": 1682774817.7083352}]}, "version": 73}
{"obj": {"type": "LogFloats", "path": ["monitoring", "cpu"], "values": [{"value": 58.8, "step": null, "ts": 1682774825.870358}]}, "version": 74}
{"obj": {"type": "LogFloats", "path": ["monitoring", "memory"], "values": [{"value": 201.24762725830078, "step": null, "ts": 1682774825.870358}]}, "version": 75}
{"obj": {"type": "LogFloats", "path": ["monitoring", "cpu"], "values": [{"value": 57.8, "step": null, "ts": 1682774835.87743}]}, "version": 76}
{"obj": {"type": "LogFloats", "path": ["monitoring", "memory"], "values": [{"value": 196.8129997253418, "step": null, "ts": 1682774835.87743}]}, "version": 77}
{"obj": {"type": "LogFloats", "path": ["monitoring", "cpu"], "values": [{"value": 56.2, "step": null, "ts": 1682774845.8840463}]}, "version": 78}
{"obj": {"type": "LogFloats", "path": ["monitoring", "memory"], "values": [{"value": 194.4521141052246, "step": null, "ts": 1682774845.8840463}]}, "version": 79}
{"obj": {"type": "LogFloats", "path": ["monitoring", "cpu"], "values": [{"value": 52.2, "step": null, "ts": 1682774855.8930535}]}, "version": 80}
{"obj": {"type": "LogFloats", "path": ["monitoring", "memory"], "values": [{"value": 192.1907501220703, "step": null, "ts": 1682774855.8930535}]}, "version": 81}
{"obj": {"type": "LogStrings", "path": ["monitoring", "stdout"], "values": [{"value": "extracting validation transcriptomes", "step": null, "ts": 1682774857.0588648}]}, "version": 82}
{"obj": {"type": "LogStrings", "path": ["monitoring", "stdout"], "values": [{"value": "\n", "step": null, "ts": 1682774857.0657756}]}, "version": 83}
{"obj": {"type": "LogStrings", "path": ["monitoring", "stdout"], "values": [{"value": "extracting test transcriptomes", "step": null, "ts": 1682774862.0076303}]}, "version": 84}
{"obj": {"type": "LogStrings", "path": ["monitoring", "stdout"], "values": [{"value": "\n", "step": null, "ts": 1682774862.0114202}]}, "version": 85}
{"obj": {"type": "LogFloats", "path": ["monitoring", "cpu"], "values": [{"value": 54.0, "step": null, "ts": 1682774865.9895332}]}, "version": 86}
{"obj": {"type": "LogFloats", "path": ["monitoring", "memory"], "values": [{"value": 190.67565155029297, "step": null, "ts": 1682774865.9895332}]}, "version": 87}
{"obj": {"type": "LogStrings", "path": ["monitoring", "stdout"], "values": [{"value": "passed veracity test!", "step": null, "ts": 1682774875.2788107}]}, "version": 88}
{"obj": {"type": "LogStrings", "path": ["monitoring", "stdout"], "values": [{"value": "\n", "step": null, "ts": 1682774876.0669146}]}, "version": 89}
{"obj": {"type": "LogStrings", "path": ["monitoring", "stdout"], "values": [{"value": "Running gradboost model. ", "step": null, "ts": 1682774876.071937}]}, "version": 90}
{"obj": {"type": "LogStrings", "path": ["monitoring", "stdout"], "values": [{"value": "\n", "step": null, "ts": 1682774876.0787504}]}, "version": 91}
{"obj": {"type": "LogFloats", "path": ["monitoring", "cpu"], "values": [{"value": 52.0, "step": null, "ts": 1682774876.0679233}]}, "version": 92}
{"obj": {"type": "LogFloats", "path": ["monitoring", "memory"], "values": [{"value": 191.55444717407227, "step": null, "ts": 1682774876.0679233}]}, "version": 93}
{"obj": {"type": "LogFloats", "path": ["monitoring", "cpu"], "values": [{"value": 49.8, "step": null, "ts": 1682774886.085449}]}, "version": 94}
{"obj": {"type": "LogFloats", "path": ["monitoring", "memory"], "values": [{"value": 190.8026123046875, "step": null, "ts": 1682774886.085449}]}, "version": 95}
{"obj": {"type": "LogFloats", "path": ["monitoring", "cpu"], "values": [{"value": 53.2, "step": null, "ts": 1682774896.0914369}]}, "version": 96}
{"obj": {"type": "LogFloats", "path": ["monitoring", "memory"], "values": [{"value": 186.67778396606445, "step": null, "ts": 1682774896.0914369}]}, "version": 97}
{"obj": {"type": "LogFloats", "path": ["monitoring", "cpu"], "values": [{"value": 51.2, "step": null, "ts": 1682774906.096095}]}, "version": 98}
{"obj": {"type": "LogFloats", "path": ["monitoring", "memory"], "values": [{"value": 185.47923278808594, "step": null, "ts": 1682774906.096095}]}, "version": 99}
{"obj": {"type": "LogFloats", "path": ["monitoring", "cpu"], "values": [{"value": 49.7, "step": null, "ts": 1682774916.1003866}]}, "version": 100}
{"obj": {"type": "LogFloats", "path": ["monitoring", "memory"], "values": [{"value": 191.85485458374023, "step": null, "ts": 1682774916.1003866}]}, "version": 101}
{"obj": {"type": "LogFloats", "path": ["monitoring", "cpu"], "values": [{"value": 52.0, "step": null, "ts": 1682774926.2608793}]}, "version": 102}
{"obj": {"type": "LogFloats", "path": ["monitoring", "memory"], "values": [{"value": 188.8548927307129, "step": null, "ts": 1682774926.2608793}]}, "version": 103}
{"obj": {"type": "LogFloats", "path": ["monitoring", "cpu"], "values": [{"value": 55.3, "step": null, "ts": 1682774936.2676702}]}, "version": 104}
{"obj": {"type": "LogFloats", "path": ["monitoring", "memory"], "values": [{"value": 185.72097778320312, "step": null, "ts": 1682774936.2676702}]}, "version": 105}
{"obj": {"type": "LogFloats", "path": ["monitoring", "cpu"], "values": [{"value": 54.5, "step": null, "ts": 1682774946.2748282}]}, "version": 106}
{"obj": {"type": "LogFloats", "path": ["monitoring", "memory"], "values": [{"value": 189.32194137573242, "step": null, "ts": 1682774946.2748282}]}, "version": 107}
{"obj": {"type": "LogFloats", "path": ["monitoring", "cpu"], "values": [{"value": 56.4, "step": null, "ts": 1682774956.2798676}]}, "version": 108}
{"obj": {"type": "LogFloats", "path": ["monitoring", "memory"], "values": [{"value": 190.65499114990234, "step": null, "ts": 1682774956.2798676}]}, "version": 109}
{"obj": {"type": "LogFloats", "path": ["monitoring", "cpu"], "values": [{"value": 58.4, "step": null, "ts": 1682774966.286033}]}, "version": 110}
{"obj": {"type": "LogFloats", "path": ["monitoring", "memory"], "values": [{"value": 190.87733459472656, "step": null, "ts": 1682774966.286033}]}, "version": 111}
{"obj": {"type": "LogFloats", "path": ["monitoring", "cpu"], "values": [{"value": 64.1, "step": null, "ts": 1682774976.2918696}]}, "version": 112}
{"obj": {"type": "LogFloats", "path": ["monitoring", "memory"], "values": [{"value": 192.22485733032227, "step": null, "ts": 1682774976.2918696}]}, "version": 113}
{"obj": {"type": "LogFloats", "path": ["monitoring", "cpu"], "values": [{"value": 59.0, "step": null, "ts": 1682774986.2989655}]}, "version": 114}
{"obj": {"type": "LogFloats", "path": ["monitoring", "memory"], "values": [{"value": 194.3009147644043, "step": null, "ts": 1682774986.2989655}]}, "version": 115}
{"obj": {"type": "LogFloats", "path": ["monitoring", "cpu"], "values": [{"value": 58.8, "step": null, "ts": 1682774996.3057716}]}, "version": 116}
{"obj": {"type": "LogFloats", "path": ["monitoring", "memory"], "values": [{"value": 191.43634796142578, "step": null, "ts": 1682774996.3057716}]}, "version": 117}
{"obj": {"type": "LogFloats", "path": ["monitoring", "cpu"], "values": [{"value": 58.2, "step": null, "ts": 1682775006.3112807}]}, "version": 118}
{"obj": {"type": "LogFloats", "path": ["monitoring", "memory"], "values": [{"value": 191.93655395507812, "step": null, "ts": 1682775006.3112807}]}, "version": 119}
{"obj": {"type": "LogFloats", "path": ["monitoring", "cpu"], "values": [{"value": 56.2, "step": null, "ts": 1682775016.3180456}]}, "version": 120}
{"obj": {"type": "LogFloats", "path": ["monitoring", "memory"], "values": [{"value": 197.22915267944336, "step": null, "ts": 1682775016.3180456}]}, "version": 121}
{"obj": {"type": "LogFloats", "path": ["monitoring", "cpu"], "values": [{"value": 56.0, "step": null, "ts": 1682775026.325719}]}, "version": 122}
{"obj": {"type": "LogFloats", "path": ["monitoring", "memory"], "values": [{"value": 198.2971076965332, "step": null, "ts": 1682775026.325719}]}, "version": 123}
{"obj": {"type": "LogFloats", "path": ["monitoring", "cpu"], "values": [{"value": 58.4, "step": null, "ts": 1682775036.3484273}]}, "version": 124}
{"obj": {"type": "LogFloats", "path": ["monitoring", "memory"], "values": [{"value": 197.07625579833984, "step": null, "ts": 1682775036.3484273}]}, "version": 125}
{"obj": {"type": "LogFloats", "path": ["monitoring", "cpu"], "values": [{"value": 56.4, "step": null, "ts": 1682775046.4117615}]}, "version": 126}
{"obj": {"type": "LogFloats", "path": ["monitoring", "memory"], "values": [{"value": 196.9609832763672, "step": null, "ts": 1682775046.4117615}]}, "version": 127}
{"obj": {"type": "LogFloats", "path": ["monitoring", "cpu"], "values": [{"value": 57.0, "step": null, "ts": 1682775056.4540238}]}, "version": 128}
{"obj": {"type": "LogFloats", "path": ["monitoring", "memory"], "values": [{"value": 197.70050811767578, "step": null, "ts": 1682775056.4540238}]}, "version": 129}
{"obj": {"type": "LogFloats", "path": ["monitoring", "cpu"], "values": [{"value": 59.5, "step": null, "ts": 1682775066.4602177}]}, "version": 130}
{"obj": {"type": "LogFloats", "path": ["monitoring", "memory"], "values": [{"value": 199.4005355834961, "step": null, "ts": 1682775066.4602177}]}, "version": 131}
{"obj": {"type": "LogFloats", "path": ["monitoring", "cpu"], "values": [{"value": 59.2, "step": null, "ts": 1682775076.468384}]}, "version": 132}
{"obj": {"type": "LogFloats", "path": ["monitoring", "memory"], "values": [{"value": 194.6856460571289, "step": null, "ts": 1682775076.468384}]}, "version": 133}
{"obj": {"type": "LogFloats", "path": ["monitoring", "cpu"], "values": [{"value": 58.2, "step": null, "ts": 1682775086.4758964}]}, "version": 134}
{"obj": {"type": "LogFloats", "path": ["monitoring", "memory"], "values": [{"value": 195.4261131286621, "step": null, "ts": 1682775086.4758964}]}, "version": 135}
{"obj": {"type": "LogFloats", "path": ["monitoring", "cpu"], "values": [{"value": 58.6, "step": null, "ts": 1682775096.483776}]}, "version": 136}
{"obj": {"type": "LogFloats", "path": ["monitoring", "memory"], "values": [{"value": 196.35369491577148, "step": null, "ts": 1682775096.483776}]}, "version": 137}
{"obj": {"type": "LogFloats", "path": ["monitoring", "cpu"], "values": [{"value": 59.9, "step": null, "ts": 1682775106.4894836}]}, "version": 138}
{"obj": {"type": "LogFloats", "path": ["monitoring", "memory"], "values": [{"value": 196.52423477172852, "step": null, "ts": 1682775106.4894836}]}, "version": 139}
{"obj": {"type": "LogFloats", "path": ["monitoring", "cpu"], "values": [{"value": 57.4, "step": null, "ts": 1682775116.4939103}]}, "version": 140}
{"obj": {"type": "LogFloats", "path": ["monitoring", "memory"], "values": [{"value": 194.5903434753418, "step": null, "ts": 1682775116.4939103}]}, "version": 141}
{"obj": {"type": "LogFloats", "path": ["monitoring", "cpu"], "values": [{"value": 57.6, "step": null, "ts": 1682775126.4984944}]}, "version": 142}
{"obj": {"type": "LogFloats", "path": ["monitoring", "memory"], "values": [{"value": 196.3365135192871, "step": null, "ts": 1682775126.4984944}]}, "version": 143}
{"obj": {"type": "LogFloats", "path": ["monitoring", "cpu"], "values": [{"value": 58.3, "step": null, "ts": 1682775136.5043101}]}, "version": 144}
{"obj": {"type": "LogFloats", "path": ["monitoring", "memory"], "values": [{"value": 196.95416641235352, "step": null, "ts": 1682775136.5043101}]}, "version": 145}
{"obj": {"type": "LogFloats", "path": ["monitoring", "cpu"], "values": [{"value": 60.9, "step": null, "ts": 1682775146.6834466}]}, "version": 146}
{"obj": {"type": "LogFloats", "path": ["monitoring", "memory"], "values": [{"value": 196.77931213378906, "step": null, "ts": 1682775146.6834466}]}, "version": 147}
{"obj": {"type": "LogFloats", "path": ["monitoring", "cpu"], "values": [{"value": 60.2, "step": null, "ts": 1682775156.689599}]}, "version": 148}
{"obj": {"type": "LogFloats", "path": ["monitoring", "memory"], "values": [{"value": 195.41441345214844, "step": null, "ts": 1682775156.689599}]}, "version": 149}
{"obj": {"type": "LogFloats", "path": ["monitoring", "cpu"], "values": [{"value": 65.1, "step": null, "ts": 1682775166.6964467}]}, "version": 150}
{"obj": {"type": "LogFloats", "path": ["monitoring", "memory"], "values": [{"value": 193.3042755126953, "step": null, "ts": 1682775166.6964467}]}, "version": 151}
{"obj": {"type": "LogFloats", "path": ["monitoring", "cpu"], "values": [{"value": 57.3, "step": null, "ts": 1682775176.7005997}]}, "version": 152}
{"obj": {"type": "LogFloats", "path": ["monitoring", "memory"], "values": [{"value": 193.05897903442383, "step": null, "ts": 1682775176.7005997}]}, "version": 153}
{"obj": {"type": "LogFloats", "path": ["monitoring", "cpu"], "values": [{"value": 57.3, "step": null, "ts": 1682775186.705131}]}, "version": 154}
{"obj": {"type": "LogFloats", "path": ["monitoring", "memory"], "values": [{"value": 188.6884002685547, "step": null, "ts": 1682775186.705131}]}, "version": 155}
{"obj": {"type": "LogFloats", "path": ["monitoring", "cpu"], "values": [{"value": 54.3, "step": null, "ts": 1682775196.7104833}]}, "version": 156}
{"obj": {"type": "LogFloats", "path": ["monitoring", "memory"], "values": [{"value": 188.9504852294922, "step": null, "ts": 1682775196.7104833}]}, "version": 157}
{"obj": {"type": "LogFloats", "path": ["monitoring", "cpu"], "values": [{"value": 53.1, "step": null, "ts": 1682775206.715731}]}, "version": 158}
{"obj": {"type": "LogFloats", "path": ["monitoring", "memory"], "values": [{"value": 189.91753005981445, "step": null, "ts": 1682775206.715731}]}, "version": 159}
{"obj": {"type": "LogFloats", "path": ["monitoring", "cpu"], "values": [{"value": 54.2, "step": null, "ts": 1682775216.7207735}]}, "version": 160}
{"obj": {"type": "LogFloats", "path": ["monitoring", "memory"], "values": [{"value": 190.14613723754883, "step": null, "ts": 1682775216.7207735}]}, "version": 161}
{"obj": {"type": "LogStrings", "path": ["monitoring", "stdout"], "values": [{"value": "347.94", "step": null, "ts": 1682775224.0128584}]}, "version": 162}
{"obj": {"type": "LogStrings", "path": ["monitoring", "stdout"], "values": [{"value": "\n", "step": null, "ts": 1682775224.0148714}]}, "version": 163}
{"obj": {"type": "LogStrings", "path": ["monitoring", "stdout"], "values": [{"value": "\u2552\u2550\u2550\u2550\u2550\u2550\u2550\u2550\u2550\u2550\u2550\u2550\u2550\u2550\u2550\u2550\u2550\u2550\u2550\u2550\u2550\u2550\u2550\u2564\u2550\u2550\u2550\u2550\u2550\u2550\u2550\u2550\u2550\u2550\u2550\u2550\u2550\u2550\u2550\u2550\u2550\u2550\u2550\u2550\u2555\n\u2502 Time to Run Program  \u2502 5.799 min          \u2502\n\u251c\u2500\u2500\u2500\u2500\u2500\u2500\u2500\u2500\u2500\u2500\u2500\u2500\u2500\u2500\u2500\u2500\u2500\u2500\u2500\u2500\u2500\u2500\u253c\u2500\u2500\u2500\u2500\u2500\u2500\u2500\u2500\u2500\u2500\u2500\u2500\u2500\u2500\u2500\u2500\u2500\u2500\u2500\u2500\u2524\n\u2502 Accuracy of Test Set \u2502 0.8417085427135679 \u2502\n\u251c\u2500\u2500\u2500\u2500\u2500\u2500\u2500\u2500\u2500\u2500\u2500\u2500\u2500\u2500\u2500\u2500\u2500\u2500\u2500\u2500\u2500\u2500\u253c\u2500\u2500\u2500\u2500\u2500\u2500\u2500\u2500\u2500\u2500\u2500\u2500\u2500\u2500\u2500\u2500\u2500\u2500\u2500\u2500\u2524\n\u2502 F1 Score of Test Set \u2502 0.3584020305170658 \u2502\n\u2558\u2550\u2550\u2550\u2550\u2550\u2550\u2550\u2550\u2550\u2550\u2550\u2550\u2550\u2550\u2550\u2550\u2550\u2550\u2550\u2550\u2550\u2550\u2567\u2550\u2550\u2550\u2550\u2550\u2550\u2550\u2550\u2550\u2550\u2550\u2550\u2550\u2550\u2550\u2550\u2550\u2550\u2550\u2550\u255b", "step": null, "ts": 1682775224.0199628}]}, "version": 164}
{"obj": {"type": "LogStrings", "path": ["monitoring", "stdout"], "values": [{"value": "\n", "step": null, "ts": 1682775224.0424762}]}, "version": 165}
{"obj": {"type": "LogStrings", "path": ["monitoring", "stdout"], "values": [{"value": "https://app.neptune.ai/erik-everett-palm/Tomics-Models/e/TOM1-488\n", "step": null, "ts": 1682775224.703434}]}, "version": 166}
{"obj": {"type": "LogStrings", "path": ["monitoring", "stdout"], "values": [{"value": " Confusion Matrix: [[130   0   1   1   0   1  11   0   0   0]\n [  0 505   1   0   0   0   0   0   0   0]\n [  0   0   3   0   0   0   1   0   0   0]\n [  1   0   0   1   0   4  37   2   0   0]\n [  2   0   0   1   0   0   6   2   0   0]\n [  1   0   4   0   1   3   4   2   0   0]\n [  2   1   3   2   1   1  12   0   1   1]\n [  0   0   1   0   1   0   4   0   1   0]\n [  2   1   4   1   1   1   3   0   3   0]\n [  0   0  10   0   0   0   0   0   1  13]]", "step": null, "ts": 1682775224.8623292}]}, "version": 167}
{"obj": {"type": "LogStrings", "path": ["monitoring", "stdout"], "values": [{"value": "\n", "step": null, "ts": 1682775224.882046}]}, "version": 168}
{"obj": {"type": "LogStrings", "path": ["monitoring", "stdout"], "values": [{"value": "              precision    recall  f1-score   support\n\n        EGFR       0.94      0.90      0.92       144\n        HDAC       1.00      1.00      1.00       506\n        PARP       0.11      0.75      0.19         4\n        adre       0.17      0.02      0.04        45\n        adre       0.00      0.00      0.00        11\n        cycl       0.30      0.20      0.24        15\n        dopa       0.15      0.50      0.24        24\n        hist       0.00      0.00      0.00         7\n        phos       0.50      0.19      0.27        16\n        topo       0.93      0.54      0.68        24\n\n    accuracy                           0.84       796\n   macro avg       0.41      0.41      0.36       796\nweighted avg       0.86      0.84      0.84       796\n", "step": null, "ts": 1682775226.3906105}]}, "version": 169}
{"obj": {"type": "LogStrings", "path": ["monitoring", "stdout"], "values": [{"value": "\n", "step": null, "ts": 1682775226.3948267}]}, "version": 170}
{"obj": {"type": "LogStrings", "path": ["monitoring", "stdout"], "values": [{"value": "Running KNN model. ", "step": null, "ts": 1682775226.398049}]}, "version": 171}
{"obj": {"type": "LogStrings", "path": ["monitoring", "stdout"], "values": [{"value": "\n", "step": null, "ts": 1682775226.4048948}]}, "version": 172}
{"obj": {"type": "LogFloats", "path": ["monitoring", "cpu"], "values": [{"value": 68.0, "step": null, "ts": 1682775226.727594}]}, "version": 173}
{"obj": {"type": "LogFloats", "path": ["monitoring", "memory"], "values": [{"value": 190.3016586303711, "step": null, "ts": 1682775226.727594}]}, "version": 174}
{"obj": {"type": "LogStrings", "path": ["monitoring", "stderr"], "values": [{"value": "/home/jovyan/.local/lib/python3.8/site-packages/sklearn/neighbors/_classification.py:211: FutureWarning: Unlike other reduction functions (e.g. `skew`, `kurtosis`), the default behavior of `mode` typically preserves the axis it acts along. In SciPy 1.11.0, this behavior will change: the default value of `keepdims` will become False, the `axis` over which the statistic is taken will be eliminated, and the value None will no longer be accepted. Set `keepdims` to True or False to avoid this warning.\n  mode, _ = stats.mode(_y[neigh_ind, k], axis=1)\n", "step": null, "ts": 1682775226.8104086}]}, "version": 175}
{"obj": {"type": "LogStrings", "path": ["monitoring", "stdout"], "values": [{"value": "0.53", "step": null, "ts": 1682775226.9304292}]}, "version": 176}
{"obj": {"type": "LogStrings", "path": ["monitoring", "stdout"], "values": [{"value": "\n", "step": null, "ts": 1682775226.9337928}]}, "version": 177}
{"obj": {"type": "LogStrings", "path": ["monitoring", "stdout"], "values": [{"value": "\u2552\u2550\u2550\u2550\u2550\u2550\u2550\u2550\u2550\u2550\u2550\u2550\u2550\u2550\u2550\u2550\u2550\u2550\u2550\u2550\u2550\u2550\u2550\u2564\u2550\u2550\u2550\u2550\u2550\u2550\u2550\u2550\u2550\u2550\u2550\u2550\u2550\u2550\u2550\u2550\u2550\u2550\u2550\u2550\u2555\n\u2502 Time to Run Program  \u2502 0.53 sec           \u2502\n\u251c\u2500\u2500\u2500\u2500\u2500\u2500\u2500\u2500\u2500\u2500\u2500\u2500\u2500\u2500\u2500\u2500\u2500\u2500\u2500\u2500\u2500\u2500\u253c\u2500\u2500\u2500\u2500\u2500\u2500\u2500\u2500\u2500\u2500\u2500\u2500\u2500\u2500\u2500\u2500\u2500\u2500\u2500\u2500\u2524\n\u2502 Accuracy of Test Set \u2502 0.7587939698492462 \u2502\n\u251c\u2500\u2500\u2500\u2500\u2500\u2500\u2500\u2500\u2500\u2500\u2500\u2500\u2500\u2500\u2500\u2500\u2500\u2500\u2500\u2500\u2500\u2500\u253c\u2500\u2500\u2500\u2500\u2500\u2500\u2500\u2500\u2500\u2500\u2500\u2500\u2500\u2500\u2500\u2500\u2500\u2500\u2500\u2500\u2524\n\u2502 F1 Score of Test Set \u2502 0.2728341426643155 \u2502\n\u2558\u2550\u2550\u2550\u2550\u2550\u2550\u2550\u2550\u2550\u2550\u2550\u2550\u2550\u2550\u2550\u2550\u2550\u2550\u2550\u2550\u2550\u2550\u2567\u2550\u2550\u2550\u2550\u2550\u2550\u2550\u2550\u2550\u2550\u2550\u2550\u2550\u2550\u2550\u2550\u2550\u2550\u2550\u2550\u255b", "step": null, "ts": 1682775226.9404309}]}, "version": 178}
{"obj": {"type": "LogStrings", "path": ["monitoring", "stdout"], "values": [{"value": "\n", "step": null, "ts": 1682775226.9814403}]}, "version": 179}
{"obj": {"type": "LogStrings", "path": ["monitoring", "stdout"], "values": [{"value": "https://app.neptune.ai/erik-everett-palm/Tomics-Models/e/TOM1-489\n", "step": null, "ts": 1682775227.5341146}]}, "version": 180}
{"obj": {"type": "LogStrings", "path": ["monitoring", "stdout"], "values": [{"value": " Confusion Matrix: [[ 71   0   8   0   0   0  60   1   4   0]\n [  1 500   0   0   0   0   4   0   0   1]\n [  0   0   3   0   0   0   1   0   0   0]\n [  0   0   3   1   0   1  40   0   0   0]\n [  1   0   1   0   0   0   8   1   0   0]\n [  0   0   4   0   2   1   6   1   1   0]\n [  1   0   2   0   0   2  17   0   2   0]\n [  0   0   3   0   0   0   4   0   0   0]\n [  0   0   6   1   0   1   7   1   0   0]\n [  0   0  12   0   1   0   0   0   0  11]]", "step": null, "ts": 1682775227.7511961}]}, "version": 181}
{"obj": {"type": "LogStrings", "path": ["monitoring", "stdout"], "values": [{"value": "\n", "step": null, "ts": 1682775227.7827847}]}, "version": 182}
{"obj": {"type": "LogStrings", "path": ["monitoring", "stdout"], "values": [{"value": "              precision    recall  f1-score   support\n\n        EGFR       0.96      0.49      0.65       144\n        HDAC       1.00      0.99      0.99       506\n        PARP       0.07      0.75      0.13         4\n        adre       0.50      0.02      0.04        45\n        adre       0.00      0.00      0.00        11\n        cycl       0.20      0.07      0.10        15\n        dopa       0.12      0.71      0.20        24\n        hist       0.00      0.00      0.00         7\n        phos       0.00      0.00      0.00        16\n        topo       0.92      0.46      0.61        24\n\n    accuracy                           0.76       796\n   macro avg       0.38      0.35      0.27       796\nweighted avg       0.87      0.76      0.78       796\n", "step": null, "ts": 1682775229.0297074}]}, "version": 183}
{"obj": {"type": "LogStrings", "path": ["monitoring", "stdout"], "values": [{"value": "\n", "step": null, "ts": 1682775229.0342934}]}, "version": 184}
{"obj": {"type": "LogStrings", "path": ["monitoring", "stdout"], "values": [{"value": "Running Bagg model. ", "step": null, "ts": 1682775229.0381625}]}, "version": 185}
{"obj": {"type": "LogStrings", "path": ["monitoring", "stdout"], "values": [{"value": "\n", "step": null, "ts": 1682775229.0495598}]}, "version": 186}
{"obj": {"type": "LogStrings", "path": ["monitoring", "stdout"], "values": [{"value": "7.03", "step": null, "ts": 1682775236.0714025}]}, "version": 187}
{"obj": {"type": "LogStrings", "path": ["monitoring", "stdout"], "values": [{"value": "\n", "step": null, "ts": 1682775236.077092}]}, "version": 188}
{"obj": {"type": "LogStrings", "path": ["monitoring", "stdout"], "values": [{"value": "\u2552\u2550\u2550\u2550\u2550\u2550\u2550\u2550\u2550\u2550\u2550\u2550\u2550\u2550\u2550\u2550\u2550\u2550\u2550\u2550\u2550\u2550\u2550\u2564\u2550\u2550\u2550\u2550\u2550\u2550\u2550\u2550\u2550\u2550\u2550\u2550\u2550\u2550\u2550\u2550\u2550\u2550\u2550\u2550\u2550\u2555\n\u2502 Time to Run Program  \u2502 7.03 sec            \u2502\n\u251c\u2500\u2500\u2500\u2500\u2500\u2500\u2500\u2500\u2500\u2500\u2500\u2500\u2500\u2500\u2500\u2500\u2500\u2500\u2500\u2500\u2500\u2500\u253c\u2500\u2500\u2500\u2500\u2500\u2500\u2500\u2500\u2500\u2500\u2500\u2500\u2500\u2500\u2500\u2500\u2500\u2500\u2500\u2500\u2500\u2524\n\u2502 Accuracy of Test Set \u2502 0.8140703517587939  \u2502\n\u251c\u2500\u2500\u2500\u2500\u2500\u2500\u2500\u2500\u2500\u2500\u2500\u2500\u2500\u2500\u2500\u2500\u2500\u2500\u2500\u2500\u2500\u2500\u253c\u2500\u2500\u2500\u2500\u2500\u2500\u2500\u2500\u2500\u2500\u2500\u2500\u2500\u2500\u2500\u2500\u2500\u2500\u2500\u2500\u2500\u2524\n\u2502 F1 Score of Test Set \u2502 0.30119205570910107 \u2502\n\u2558\u2550\u2550\u2550\u2550\u2550\u2550\u2550\u2550\u2550\u2550\u2550\u2550\u2550\u2550\u2550\u2550\u2550\u2550\u2550\u2550\u2550\u2550\u2567\u2550\u2550\u2550\u2550\u2550\u2550\u2550\u2550\u2550\u2550\u2550\u2550\u2550\u2550\u2550\u2550\u2550\u2550\u2550\u2550\u2550\u255b", "step": null, "ts": 1682775236.0946982}]}, "version": 189}
{"obj": {"type": "LogStrings", "path": ["monitoring", "stdout"], "values": [{"value": "\n", "step": null, "ts": 1682775236.127111}]}, "version": 190}
{"obj": {"type": "LogStrings", "path": ["monitoring", "stdout"], "values": [{"value": "https://app.neptune.ai/erik-everett-palm/Tomics-Models/e/TOM1-490\n", "step": null, "ts": 1682775236.6439393}]}, "version": 191}
{"obj": {"type": "LogFloats", "path": ["monitoring", "cpu"], "values": [{"value": 69.5, "step": null, "ts": 1682775236.7771795}]}, "version": 192}
{"obj": {"type": "LogFloats", "path": ["monitoring", "memory"], "values": [{"value": 190.38603973388672, "step": null, "ts": 1682775236.7771795}]}, "version": 193}
{"obj": {"type": "LogStrings", "path": ["monitoring", "stdout"], "values": [{"value": " Confusion Matrix: [[119   2   8   0   2   1   9   0   1   2]\n [  0 499   0   0   0   0   2   0   0   5]\n [  0   0   3   0   0   0   0   0   1   0]\n [  7   1   4   2   0   1  29   0   1   0]\n [  3   0   1   0   1   0   6   0   0   0]\n [  1   0   7   2   2   0   2   0   1   0]\n [  5   1   2   0   1   1  11   1   1   1]\n [  0   1   1   0   1   0   4   0   0   0]\n [  3   1   5   1   3   1   0   0   1   1]\n [  1   1   9   0   0   0   0   0   1  12]]", "step": null, "ts": 1682775237.0338342}]}, "version": 194}
{"obj": {"type": "LogStrings", "path": ["monitoring", "stdout"], "values": [{"value": "\n", "step": null, "ts": 1682775237.0767422}]}, "version": 195}
{"obj": {"type": "LogStrings", "path": ["monitoring", "stdout"], "values": [{"value": "              precision    recall  f1-score   support\n\n        EGFR       0.86      0.83      0.84       144\n        HDAC       0.99      0.99      0.99       506\n        PARP       0.07      0.75      0.14         4\n        adre       0.40      0.04      0.08        45\n        adre       0.10      0.09      0.10        11\n        cycl       0.00      0.00      0.00        15\n        dopa       0.17      0.46      0.25        24\n        hist       0.00      0.00      0.00         7\n        phos       0.14      0.06      0.09        16\n        topo       0.57      0.50      0.53        24\n\n    accuracy                           0.81       796\n   macro avg       0.33      0.37      0.30       796\nweighted avg       0.83      0.81      0.81       796\n", "step": null, "ts": 1682775238.8981853}]}, "version": 196}
{"obj": {"type": "LogStrings", "path": ["monitoring", "stdout"], "values": [{"value": "\n", "step": null, "ts": 1682775238.905315}]}, "version": 197}
