{"obj": {"type": "AssignString", "path": ["sys", "name"], "value": "Untitled"}, "version": 1}
{"obj": {"type": "AssignString", "path": ["sys", "description"], "value": ""}, "version": 2}
{"obj": {"type": "AssignString", "path": ["sys", "hostname"], "value": "erikep-notebook-gpu3-766d57c488-pq4kc"}, "version": 3}
{"obj": {"type": "AssignBool", "path": ["sys", "failed"], "value": false}, "version": 4}
{"obj": {"type": "ClearStringLog", "path": ["monitoring", "stdout"]}, "version": 5}
{"obj": {"type": "ClearStringLog", "path": ["monitoring", "stderr"]}, "version": 6}
{"obj": {"type": "AssignString", "path": ["source_code", "entrypoint"], "value": "Erik_ML_battery.py"}, "version": 7}
{"obj": {"type": "UploadFileSet", "path": ["source_code", "files"], "file_globs": ["/home/jovyan/Tomics-CP-Chem-MoA/04_Tomics_Models/Erik_Models/Erik_ML_battery.py"], "reset": "False"}, "version": 8}
{"obj": {"type": "ConfigFloatSeries", "path": ["monitoring", "cpu"], "min": 0.0, "max": 100.0, "unit": "%"}, "version": 9}
{"obj": {"type": "ClearFloatLog", "path": ["monitoring", "cpu"]}, "version": 10}
{"obj": {"type": "ConfigFloatSeries", "path": ["monitoring", "memory"], "min": 0.0, "max": 503.7883720397949, "unit": "GB"}, "version": 11}
{"obj": {"type": "ClearFloatLog", "path": ["monitoring", "memory"]}, "version": 12}
{"obj": {"type": "ConfigFloatSeries", "path": ["monitoring", "gpu"], "min": 0.0, "max": 100.0, "unit": "%"}, "version": 13}
{"obj": {"type": "ClearFloatLog", "path": ["monitoring", "gpu"]}, "version": 14}
{"obj": {"type": "ConfigFloatSeries", "path": ["monitoring", "gpu_memory"], "min": 0.0, "max": 10.91650390625, "unit": "GB"}, "version": 15}
{"obj": {"type": "ClearFloatLog", "path": ["monitoring", "gpu_memory"]}, "version": 16}
{"obj": {"type": "LogFloats", "path": ["monitoring", "cpu"], "values": [{"value": 70.9, "step": null, "ts": 1682946751.5824947}]}, "version": 17}
{"obj": {"type": "LogFloats", "path": ["monitoring", "memory"], "values": [{"value": 209.57958602905273, "step": null, "ts": 1682946751.5824947}]}, "version": 18}
{"obj": {"type": "LogFloats", "path": ["monitoring", "gpu_memory"], "values": [{"value": 3.1378173828125, "step": null, "ts": 1682946751.5824947}]}, "version": 19}
{"obj": {"type": "AssignString", "path": ["model"], "value": "Bagg"}, "version": 20}
{"obj": {"type": "AssignString", "path": ["filename"], "value": "erik10_hq_8_12"}, "version": 21}
{"obj": {"type": "AssignString", "path": ["parameters", "normalize"], "value": "False"}, "version": 22}
{"obj": {"type": "AssignBool", "path": ["parameters", "variance_threshold"], "value": false}, "version": 23}
{"obj": {"type": "AssignString", "path": ["parameters", "class_weight"], "value": "False"}, "version": 24}
{"obj": {"type": "AssignString", "path": ["parameters", "learning_rate"], "value": "False"}, "version": 25}
{"obj": {"type": "AssignString", "path": ["parameters", "loss_fn_train"], "value": "False"}, "version": 26}
{"obj": {"type": "AssignString", "path": ["parameters", "loss_function"], "value": "False"}, "version": 27}
{"obj": {"type": "AssignString", "path": ["parameters", "learning_rate_scheduler"], "value": "default"}, "version": 28}
{"obj": {"type": "AssignString", "path": ["parameters", "pixel_size"], "value": "False"}, "version": 29}
{"obj": {"type": "AssignString", "path": ["metrics", "time"], "value": "10.65 sec"}, "version": 30}
{"obj": {"type": "AssignString", "path": ["metrics", "epochs"], "value": "False"}, "version": 31}
{"obj": {"type": "AssignFloat", "path": ["metrics", "test_f1"], "value": 0.32944680969733026}, "version": 32}
{"obj": {"type": "AssignFloat", "path": ["metrics", "test_accuracy"], "value": 0.6024691358024692}, "version": 33}
{"obj": {"type": "LogStrings", "path": ["monitoring", "stdout"], "values": [{"value": " Confusion Matrix: [[125   1   3   2   0   0  17   2   0   0]\n [  0  28   0   0   0   0   0   0   0   1]\n [  0   0   1   0   0   0   0   0   1   0]\n [  1   0   6   1   0   0   0   0   1   0]\n [  2   0   0   1   0   1   3   0   3   0]\n [  6   1   5   0   0   4   2   0   3   0]\n [ 45   2   6   3   3   3  66   1   5   1]\n [  0   0   2   0   0   0   0   0   0   0]\n [  3   1   1   0   0   0   1   0   1   0]\n [  7   6   6   0   0   1   2   0   0  18]]", "step": null, "ts": 1682946751.7651205}]}, "version": 34}
{"obj": {"type": "LogStrings", "path": ["monitoring", "stdout"], "values": [{"value": "\n", "step": null, "ts": 1682946751.7714329}]}, "version": 35}
{"obj": {"type": "LogStrings", "path": ["monitoring", "stdout"], "values": [{"value": "              precision    recall  f1-score   support\n\n        EGFR       0.66      0.83      0.74       150\n        HDAC       0.72      0.97      0.82        29\n        PARP       0.03      0.50      0.06         2\n        adre       0.14      0.11      0.12         9\n        adre       0.00      0.00      0.00        10\n        cycl       0.44      0.19      0.27        21\n        dopa       0.73      0.49      0.58       135\n        hist       0.00      0.00      0.00         2\n        phos       0.07      0.14      0.10         7\n        topo       0.90      0.45      0.60        40\n\n    accuracy                           0.60       405\n   macro avg       0.37      0.37      0.33       405\nweighted avg       0.65      0.60      0.60       405\n", "step": null, "ts": 1682946753.7298734}]}, "version": 36}
{"obj": {"type": "LogStrings", "path": ["monitoring", "stdout"], "values": [{"value": "\n", "step": null, "ts": 1682946753.7314174}]}, "version": 37}
{"obj": {"type": "UploadFile", "path": ["files", "classif_info"], "ext": "txt", "file_path": "/home/jovyan/Tomics-CP-Chem-MoA/data_for_models/random/class_info.txt", "tmp_file_name": null, "clean_after_upload": false}, "version": 38}
{"obj": {"type": "UploadFile", "path": ["images", "conf_matrix"], "ext": "png", "file_path": "/home/jovyan/Tomics-CP-Chem-MoA/data_for_models/random/conf_matrix.png", "tmp_file_name": null, "clean_after_upload": false}, "version": 39}
{"obj": {"type": "LogStrings", "path": ["monitoring", "stdout"], "values": [{"value": "3", "step": null, "ts": 1682946753.7371929}]}, "version": 40}
{"obj": {"type": "LogStrings", "path": ["monitoring", "stdout"], "values": [{"value": "\n", "step": null, "ts": 1682946753.756027}]}, "version": 41}
{"obj": {"type": "LogFloats", "path": ["monitoring", "cpu"], "values": [{"value": 72.2, "step": null, "ts": 1682946761.589607}]}, "version": 42}
{"obj": {"type": "LogFloats", "path": ["monitoring", "memory"], "values": [{"value": 212.2130355834961, "step": null, "ts": 1682946761.589607}]}, "version": 43}
{"obj": {"type": "LogFloats", "path": ["monitoring", "gpu_memory"], "values": [{"value": 3.1378173828125, "step": null, "ts": 1682946761.589607}]}, "version": 44}
{"obj": {"type": "LogFloats", "path": ["monitoring", "cpu"], "values": [{"value": 68.7, "step": null, "ts": 1682946771.6070302}]}, "version": 45}
{"obj": {"type": "LogFloats", "path": ["monitoring", "memory"], "values": [{"value": 211.36387252807617, "step": null, "ts": 1682946771.6070302}]}, "version": 46}
{"obj": {"type": "LogFloats", "path": ["monitoring", "gpu_memory"], "values": [{"value": 3.1378173828125, "step": null, "ts": 1682946771.6070302}]}, "version": 47}
