{"obj": {"type": "AssignString", "path": ["sys", "name"], "value": "Untitled"}, "version": 1}
{"obj": {"type": "AssignString", "path": ["sys", "description"], "value": ""}, "version": 2}
{"obj": {"type": "AssignString", "path": ["sys", "hostname"], "value": "erikep-notebook-gpu-5c4b88cbcf-6c8xg"}, "version": 3}
{"obj": {"type": "AssignBool", "path": ["sys", "failed"], "value": false}, "version": 4}
{"obj": {"type": "ClearStringLog", "path": ["monitoring", "stdout"]}, "version": 5}
{"obj": {"type": "ClearStringLog", "path": ["monitoring", "stderr"]}, "version": 6}
{"obj": {"type": "AssignString", "path": ["source_code", "entrypoint"], "value": "Erik_1DCNN.py"}, "version": 7}
{"obj": {"type": "UploadFileSet", "path": ["source_code", "files"], "file_globs": ["/home/jovyan/Tomics-CP-Chem-MoA/04_Tomics_Models/Erik_Models/Erik_1DCNN.py"], "reset": "False"}, "version": 8}
{"obj": {"type": "ConfigFloatSeries", "path": ["monitoring", "cpu"], "min": 0.0, "max": 100.0, "unit": "%"}, "version": 9}
{"obj": {"type": "ClearFloatLog", "path": ["monitoring", "cpu"]}, "version": 10}
{"obj": {"type": "ConfigFloatSeries", "path": ["monitoring", "memory"], "min": 0.0, "max": 503.7883720397949, "unit": "GB"}, "version": 11}
{"obj": {"type": "ClearFloatLog", "path": ["monitoring", "memory"]}, "version": 12}
{"obj": {"type": "ConfigFloatSeries", "path": ["monitoring", "gpu"], "min": 0.0, "max": 100.0, "unit": "%"}, "version": 13}
{"obj": {"type": "ClearFloatLog", "path": ["monitoring", "gpu"]}, "version": 14}
{"obj": {"type": "ConfigFloatSeries", "path": ["monitoring", "gpu_memory"], "min": 0.0, "max": 10.91650390625, "unit": "GB"}, "version": 15}
{"obj": {"type": "ClearFloatLog", "path": ["monitoring", "gpu_memory"]}, "version": 16}
{"obj": {"type": "AssignString", "path": ["model"], "value": "SimpleNN_Model(\n  (dense1): Linear(in_features=978, out_features=70, bias=True)\n  (batch_norm2): BatchNorm1d(70, eps=1e-05, momentum=0.1, affine=True, track_running_stats=True)\n  (dropout2): Dropout(p=0.29323431985537163, inplace=False)\n  (dense2): Linear(in_features=70, out_features=15, bias=True)\n  (batch_norm3): BatchNorm1d(15, eps=1e-05, momentum=0.1, affine=True, track_running_stats=True)\n  (dropout3): Dropout(p=0.236081104695429, inplace=False)\n  (dense3): Linear(in_features=15, out_features=10, bias=True)\n)"}, "version": 17}
{"obj": {"type": "AssignString", "path": ["filename"], "value": "L1000_training_set_nv_my10.csv"}, "version": 18}
{"obj": {"type": "LogFloats", "path": ["monitoring", "cpu"], "values": [{"value": 25.8, "step": null, "ts": 1677664171.0589743}]}, "version": 19}
{"obj": {"type": "AssignString", "path": ["parameters", "normalize"], "value": "None"}, "version": 20}
{"obj": {"type": "LogFloats", "path": ["monitoring", "memory"], "values": [{"value": 164.1880874633789, "step": null, "ts": 1677664171.0589743}]}, "version": 21}
{"obj": {"type": "LogStrings", "path": ["monitoring", "stderr"], "values": [{"value": "/home/jovyan/Tomics-CP-Chem-MoA/04_Tomics_Models/Erik_Models/Erik_SimpleNN_L1000.py:510: NeptuneDeprecationWarning: The object you're logging will be implicitly cast to a string. We'll end support of this behavior in `neptune-client==1.0.0`. To log the object as a string, use `str(object)` or `repr(object)` instead. For details, see https://docs.neptune.ai/setup/neptune-client_1-0_release_changes\n  run['parameters/normalize'] = None\n", "step": null, "ts": 1677664171.138958}]}, "version": 22}
{"obj": {"type": "AssignFloat", "path": ["parameters", "learning_rate"], "value": 0.0020009202086758936}, "version": 23}
{"obj": {"type": "LogFloats", "path": ["monitoring", "gpu_memory"], "values": [{"value": 1.7247314453125, "step": null, "ts": 1677664171.0589743}]}, "version": 24}
{"obj": {"type": "AssignString", "path": ["parameters", "loss_function"], "value": "BCEWithLogitsLoss()"}, "version": 25}
{"obj": {"type": "AssignFloat", "path": ["metrics", "f1_score"], "value": 0.4065502289332899}, "version": 26}
{"obj": {"type": "AssignFloat", "path": ["metrics", "accuracy"], "value": 0.33417630057803466}, "version": 27}
{"obj": {"type": "AssignFloat", "path": ["metrics", "loss"], "value": 15.533828437088088}, "version": 28}
{"obj": {"type": "AssignString", "path": ["metrics", "time"], "value": "4.547833333333333 min"}, "version": 29}
{"obj": {"type": "AssignInt", "path": ["metrics", "epochs"], "value": 1}, "version": 30}
{"obj": {"type": "LogStrings", "path": ["monitoring", "stdout"], "values": [{"value": " Confusion Matrix: [[322   0   0   0   0   0   0   0   0   1]\n [ 70 503   0   0   0   0   0   0   0   0]\n [385   6   2   0   0   0   0   0   0  30]\n [161   0   0   0   0   0   0   0   0   0]\n [105   0   1   0   0   0   0   0   0   0]\n [204   0   0   0   0   0   0   0   0   0]\n [507   0   0   0   0   0   0   0   0   1]\n [155   0   0   0   0   0   0   0   0   0]\n [171   0   0   0   0   0   0   0   0   0]\n [ 46   0   0   0   0   0   0   0   0  98]]", "step": null, "ts": 1677664171.1666663}]}, "version": 31}
{"obj": {"type": "LogStrings", "path": ["monitoring", "stdout"], "values": [{"value": "\n", "step": null, "ts": 1677664171.1931467}]}, "version": 32}
{"obj": {"type": "LogStrings", "path": ["monitoring", "stderr"], "values": [{"value": "/usr/local/lib/python3.8/dist-packages/sklearn/metrics/_classification.py:1334: UndefinedMetricWarning: Precision and F-score are ill-defined and being set to 0.0 in labels with no predicted samples. Use `zero_division` parameter to control this behavior.\n  _warn_prf(average, modifier, msg_start, len(result))\n", "step": null, "ts": 1677664172.2155104}]}, "version": 33}
{"obj": {"type": "LogStrings", "path": ["monitoring", "stderr"], "values": [{"value": "/usr/local/lib/python3.8/dist-packages/sklearn/metrics/_classification.py:1334: UndefinedMetricWarning: Precision and F-score are ill-defined and being set to 0.0 in labels with no predicted samples. Use `zero_division` parameter to control this behavior.\n  _warn_prf(average, modifier, msg_start, len(result))\n", "step": null, "ts": 1677664172.2219944}]}, "version": 34}
{"obj": {"type": "LogStrings", "path": ["monitoring", "stderr"], "values": [{"value": "/usr/local/lib/python3.8/dist-packages/sklearn/metrics/_classification.py:1334: UndefinedMetricWarning: Precision and F-score are ill-defined and being set to 0.0 in labels with no predicted samples. Use `zero_division` parameter to control this behavior.\n  _warn_prf(average, modifier, msg_start, len(result))\n", "step": null, "ts": 1677664172.2250884}]}, "version": 35}
{"obj": {"type": "LogStrings", "path": ["monitoring", "stdout"], "values": [{"value": "              precision    recall  f1-score   support\n\n           0       0.15      1.00      0.26       323\n           1       0.99      0.88      0.93       573\n           2       0.67      0.00      0.01       423\n           3       0.00      0.00      0.00       161\n           4       0.00      0.00      0.00       106\n           5       0.00      0.00      0.00       204\n           6       0.00      0.00      0.00       508\n           7       0.00      0.00      0.00       155\n           8       0.00      0.00      0.00       171\n           9       0.75      0.68      0.72       144\n\n    accuracy                           0.33      2768\n   macro avg       0.26      0.26      0.19      2768\nweighted avg       0.36      0.33      0.26      2768\n", "step": null, "ts": 1677664172.2262883}]}, "version": 36}
{"obj": {"type": "LogStrings", "path": ["monitoring", "stdout"], "values": [{"value": "\n", "step": null, "ts": 1677664172.227524}]}, "version": 37}
{"obj": {"type": "UploadFile", "path": ["images", "loss"], "ext": "png", "file_path": "/home/jovyan/Tomics-CP-Chem-MoA/04_Tomics_Models/Best_Tomics_Model/saved_images/loss_train_val_simpleNN01_03_2023-10:44:45.png", "tmp_file_name": null, "clean_after_upload": false}, "version": 38}
{"obj": {"type": "UploadFile", "path": ["images", "accuracy"], "ext": "png", "file_path": "/home/jovyan/Tomics-CP-Chem-MoA/04_Tomics_Models/Best_Tomics_Model/saved_images/acc_train_val_simpleNN01_03_2023-10:44:45.png", "tmp_file_name": null, "clean_after_upload": false}, "version": 39}
{"obj": {"type": "UploadFile", "path": ["files", "classification_info"], "ext": "txt", "file_path": "/home/jovyan/Tomics-CP-Chem-MoA/class_info.txt", "tmp_file_name": null, "clean_after_upload": false}, "version": 40}
{"obj": {"type": "UploadFile", "path": ["images", "Conf_matrix.png"], "ext": "png", "file_path": null, "tmp_file_name": "images_Conf_matrix.png-1677664172.275812-2023-03-01_10.49.32.275812.png", "clean_after_upload": false}, "version": 41}
{"obj": {"type": "LogStrings", "path": ["monitoring", "stdout"], "values": [{"value": "Training on device cuda. ", "step": null, "ts": 1677664172.8094978}]}, "version": 42}
{"obj": {"type": "LogStrings", "path": ["monitoring", "stdout"], "values": [{"value": "\n", "step": null, "ts": 1677664172.8111165}]}, "version": 43}
{"obj": {"type": "LogStrings", "path": ["monitoring", "stdout"], "values": [{"value": "extracting training transcriptomes", "step": null, "ts": 1677664172.8432958}]}, "version": 44}
{"obj": {"type": "LogStrings", "path": ["monitoring", "stdout"], "values": [{"value": "\n", "step": null, "ts": 1677664172.851903}]}, "version": 45}
{"obj": {"type": "LogFloats", "path": ["monitoring", "cpu"], "values": [{"value": 23.1, "step": null, "ts": 1677664181.142786}]}, "version": 46}
{"obj": {"type": "LogFloats", "path": ["monitoring", "memory"], "values": [{"value": 165.08152770996094, "step": null, "ts": 1677664181.142786}]}, "version": 47}
{"obj": {"type": "LogFloats", "path": ["monitoring", "gpu_memory"], "values": [{"value": 1.7247314453125, "step": null, "ts": 1677664181.142786}]}, "version": 48}
{"obj": {"type": "LogFloats", "path": ["monitoring", "cpu"], "values": [{"value": 22.1, "step": null, "ts": 1677664191.150687}]}, "version": 49}
{"obj": {"type": "LogFloats", "path": ["monitoring", "memory"], "values": [{"value": 166.19394302368164, "step": null, "ts": 1677664191.150687}]}, "version": 50}
{"obj": {"type": "LogFloats", "path": ["monitoring", "gpu_memory"], "values": [{"value": 1.7247314453125, "step": null, "ts": 1677664191.150687}]}, "version": 51}
{"obj": {"type": "LogStrings", "path": ["monitoring", "stdout"], "values": [{"value": "extracting validation transcriptomes", "step": null, "ts": 1677664199.611077}]}, "version": 52}
{"obj": {"type": "LogStrings", "path": ["monitoring", "stdout"], "values": [{"value": "\n", "step": null, "ts": 1677664199.6160977}]}, "version": 53}
{"obj": {"type": "LogFloats", "path": ["monitoring", "cpu"], "values": [{"value": 22.1, "step": null, "ts": 1677664201.1583548}]}, "version": 54}
{"obj": {"type": "LogFloats", "path": ["monitoring", "memory"], "values": [{"value": 164.44681549072266, "step": null, "ts": 1677664201.1583548}]}, "version": 55}
{"obj": {"type": "LogFloats", "path": ["monitoring", "gpu_memory"], "values": [{"value": 1.7247314453125, "step": null, "ts": 1677664201.1583548}]}, "version": 56}
{"obj": {"type": "LogFloats", "path": ["monitoring", "cpu"], "values": [{"value": 22.3, "step": null, "ts": 1677664211.1677961}]}, "version": 57}
{"obj": {"type": "LogFloats", "path": ["monitoring", "memory"], "values": [{"value": 165.60199737548828, "step": null, "ts": 1677664211.1677961}]}, "version": 58}
{"obj": {"type": "LogFloats", "path": ["monitoring", "gpu_memory"], "values": [{"value": 1.7247314453125, "step": null, "ts": 1677664211.1677961}]}, "version": 59}
{"obj": {"type": "LogFloats", "path": ["monitoring", "cpu"], "values": [{"value": 22.9, "step": null, "ts": 1677664221.1756842}]}, "version": 60}
{"obj": {"type": "LogFloats", "path": ["monitoring", "memory"], "values": [{"value": 166.65171813964844, "step": null, "ts": 1677664221.1756842}]}, "version": 61}
{"obj": {"type": "LogFloats", "path": ["monitoring", "gpu_memory"], "values": [{"value": 1.7247314453125, "step": null, "ts": 1677664221.1756842}]}, "version": 62}
{"obj": {"type": "LogFloats", "path": ["monitoring", "cpu"], "values": [{"value": 24.8, "step": null, "ts": 1677664231.183883}]}, "version": 63}
{"obj": {"type": "LogFloats", "path": ["monitoring", "memory"], "values": [{"value": 164.57270050048828, "step": null, "ts": 1677664231.183883}]}, "version": 64}
{"obj": {"type": "LogFloats", "path": ["monitoring", "gpu_memory"], "values": [{"value": 1.7247314453125, "step": null, "ts": 1677664231.183883}]}, "version": 65}
{"obj": {"type": "LogStrings", "path": ["monitoring", "stdout"], "values": [{"value": "Begin Training", "step": null, "ts": 1677664232.611573}]}, "version": 66}
{"obj": {"type": "LogStrings", "path": ["monitoring", "stdout"], "values": [{"value": "\n", "step": null, "ts": 1677664232.6127436}]}, "version": 67}
{"obj": {"type": "LogFloats", "path": ["monitoring", "cpu"], "values": [{"value": 20.8, "step": null, "ts": 1677664241.1910744}]}, "version": 68}
{"obj": {"type": "LogFloats", "path": ["monitoring", "memory"], "values": [{"value": 164.3855438232422, "step": null, "ts": 1677664241.1910744}]}, "version": 69}
{"obj": {"type": "LogFloats", "path": ["monitoring", "gpu_memory"], "values": [{"value": 1.7247314453125, "step": null, "ts": 1677664241.1910744}]}, "version": 70}
