{"obj": {"type": "AssignString", "path": ["sys", "name"], "value": "Untitled"}, "version": 1}
{"obj": {"type": "AssignString", "path": ["sys", "description"], "value": ""}, "version": 2}
{"obj": {"type": "AssignString", "path": ["sys", "hostname"], "value": "erikep-notebook-gpu-5c4b88cbcf-6c8xg"}, "version": 3}
{"obj": {"type": "AssignBool", "path": ["sys", "failed"], "value": false}, "version": 4}
{"obj": {"type": "ClearStringLog", "path": ["monitoring", "stdout"]}, "version": 5}
{"obj": {"type": "ClearStringLog", "path": ["monitoring", "stderr"]}, "version": 6}
{"obj": {"type": "AssignString", "path": ["source_code", "entrypoint"], "value": "Erik_PCA_UMAP.py"}, "version": 7}
{"obj": {"type": "UploadFileSet", "path": ["source_code", "files"], "file_globs": ["/home/jovyan/Tomics-CP-Chem-MoA/04_Tomics_Models/init_data_expl/Erik_PCA_UMAP.py"], "reset": "False"}, "version": 8}
{"obj": {"type": "ConfigFloatSeries", "path": ["monitoring", "cpu"], "min": 0.0, "max": 100.0, "unit": "%"}, "version": 9}
{"obj": {"type": "ClearFloatLog", "path": ["monitoring", "cpu"]}, "version": 10}
{"obj": {"type": "ConfigFloatSeries", "path": ["monitoring", "memory"], "min": 0.0, "max": 503.7883720397949, "unit": "GB"}, "version": 11}
{"obj": {"type": "ClearFloatLog", "path": ["monitoring", "memory"]}, "version": 12}
{"obj": {"type": "ConfigFloatSeries", "path": ["monitoring", "gpu"], "min": 0.0, "max": 100.0, "unit": "%"}, "version": 13}
{"obj": {"type": "ClearFloatLog", "path": ["monitoring", "gpu"]}, "version": 14}
{"obj": {"type": "ConfigFloatSeries", "path": ["monitoring", "gpu_memory"], "min": 0.0, "max": 10.91650390625, "unit": "GB"}, "version": 15}
{"obj": {"type": "ClearFloatLog", "path": ["monitoring", "gpu_memory"]}, "version": 16}
{"obj": {"type": "LogFloats", "path": ["monitoring", "cpu"], "values": [{"value": 21.2, "step": null, "ts": 1679390548.0877032}]}, "version": 17}
{"obj": {"type": "AssignString", "path": ["parameters", "moa_dictionary"], "value": "{'ATPase inhibitor': array([1., 0., 0., 0., 0., 0., 0., 0., 0., 0.]), 'Aurora kinase inhibitor': array([0., 1., 0., 0., 0., 0., 0., 0., 0., 0.]), 'HDAC inhibitor': array([0., 0., 1., 0., 0., 0., 0., 0., 0., 0.]), 'HSP inhibitor': array([0., 0., 0., 1., 0., 0., 0., 0., 0., 0.]), 'JAK inhibitor': array([0., 0., 0., 0., 1., 0., 0., 0., 0., 0.]), 'PARP inhibitor': array([0., 0., 0., 0., 0., 1., 0., 0., 0., 0.]), 'protein synthesis inhibitor': array([0., 0., 0., 0., 0., 0., 1., 0., 0., 0.]), 'retinoid receptor agonist': array([0., 0., 0., 0., 0., 0., 0., 1., 0., 0.]), 'topoisomerase inhibitor': array([0., 0., 0., 0., 0., 0., 0., 0., 1., 0.]), 'tubulin polymerization inhibitor': array([0., 0., 0., 0., 0., 0., 0., 0., 0., 1.])}"}, "version": 18}
{"obj": {"type": "LogFloats", "path": ["monitoring", "memory"], "values": [{"value": 115.0255126953125, "step": null, "ts": 1679390548.0877032}]}, "version": 19}
{"obj": {"type": "AssignString", "path": ["parameters", "train_filename"], "value": "tian10"}, "version": 20}
{"obj": {"type": "LogFloats", "path": ["monitoring", "gpu_memory"], "values": [{"value": 1.7247314453125, "step": null, "ts": 1679390548.0877032}]}, "version": 21}
{"obj": {"type": "AssignInt", "path": ["parameters", "variance_threshold"], "value": 0}, "version": 22}
{"obj": {"type": "LogStrings", "path": ["monitoring", "stdout"], "values": [{"value": "Investigating using PCA", "step": null, "ts": 1679390548.1808522}]}, "version": 23}
{"obj": {"type": "LogStrings", "path": ["monitoring", "stdout"], "values": [{"value": "\n", "step": null, "ts": 1679390548.1996331}]}, "version": 24}
{"obj": {"type": "UploadFile", "path": ["images", "pca_compoenents"], "ext": "png", "file_path": null, "tmp_file_name": "images_pca_compoenents-1679390554.184944-2023-03-21_10.22.34.184944.png", "clean_after_upload": false}, "version": 25}
{"obj": {"type": "LogFloats", "path": ["monitoring", "cpu"], "values": [{"value": 29.4, "step": null, "ts": 1679390558.1797323}]}, "version": 26}
{"obj": {"type": "LogFloats", "path": ["monitoring", "memory"], "values": [{"value": 115.00872421264648, "step": null, "ts": 1679390558.1797323}]}, "version": 27}
{"obj": {"type": "LogFloats", "path": ["monitoring", "gpu_memory"], "values": [{"value": 1.7247314453125, "step": null, "ts": 1679390558.1797323}]}, "version": 28}
{"obj": {"type": "LogFloats", "path": ["monitoring", "cpu"], "values": [{"value": 19.4, "step": null, "ts": 1679390568.1866143}]}, "version": 29}
{"obj": {"type": "LogFloats", "path": ["monitoring", "memory"], "values": [{"value": 115.01439666748047, "step": null, "ts": 1679390568.1866143}]}, "version": 30}
{"obj": {"type": "LogFloats", "path": ["monitoring", "gpu_memory"], "values": [{"value": 1.7247314453125, "step": null, "ts": 1679390568.1866143}]}, "version": 31}
