{"obj": {"type": "AssignString", "path": ["sys", "name"], "value": "Untitled"}, "version": 1}
{"obj": {"type": "AssignString", "path": ["sys", "description"], "value": ""}, "version": 2}
{"obj": {"type": "AssignString", "path": ["sys", "hostname"], "value": "erikep-notebook-gpu3-766d57c488-pq4kc"}, "version": 3}
{"obj": {"type": "AssignBool", "path": ["sys", "failed"], "value": false}, "version": 4}
{"obj": {"type": "ClearStringLog", "path": ["monitoring", "stdout"]}, "version": 5}
{"obj": {"type": "ClearStringLog", "path": ["monitoring", "stderr"]}, "version": 6}
{"obj": {"type": "AssignString", "path": ["source_code", "entrypoint"], "value": "Erik_ML_battery.py"}, "version": 7}
{"obj": {"type": "UploadFileSet", "path": ["source_code", "files"], "file_globs": ["/home/jovyan/Tomics-CP-Chem-MoA/04_Tomics_Models/Erik_Models/Erik_ML_battery.py"], "reset": "False"}, "version": 8}
{"obj": {"type": "ConfigFloatSeries", "path": ["monitoring", "cpu"], "min": 0.0, "max": 100.0, "unit": "%"}, "version": 9}
{"obj": {"type": "ClearFloatLog", "path": ["monitoring", "cpu"]}, "version": 10}
{"obj": {"type": "ConfigFloatSeries", "path": ["monitoring", "memory"], "min": 0.0, "max": 503.7883720397949, "unit": "GB"}, "version": 11}
{"obj": {"type": "ClearFloatLog", "path": ["monitoring", "memory"]}, "version": 12}
{"obj": {"type": "ConfigFloatSeries", "path": ["monitoring", "gpu"], "min": 0.0, "max": 100.0, "unit": "%"}, "version": 13}
{"obj": {"type": "ClearFloatLog", "path": ["monitoring", "gpu"]}, "version": 14}
{"obj": {"type": "ConfigFloatSeries", "path": ["monitoring", "gpu_memory"], "min": 0.0, "max": 10.91650390625, "unit": "GB"}, "version": 15}
{"obj": {"type": "ClearFloatLog", "path": ["monitoring", "gpu_memory"]}, "version": 16}
{"obj": {"type": "AssignString", "path": ["model"], "value": "gradboost"}, "version": 17}
{"obj": {"type": "AssignString", "path": ["filename"], "value": "erik10_hq_8_12"}, "version": 18}
{"obj": {"type": "LogFloats", "path": ["monitoring", "cpu"], "values": [{"value": 57.9, "step": null, "ts": 1682775224.7442682}]}, "version": 19}
{"obj": {"type": "AssignString", "path": ["parameters", "normalize"], "value": "True"}, "version": 20}
{"obj": {"type": "LogFloats", "path": ["monitoring", "memory"], "values": [{"value": 190.1017837524414, "step": null, "ts": 1682775224.7442682}]}, "version": 21}
{"obj": {"type": "AssignBool", "path": ["parameters", "variance_threshold"], "value": false}, "version": 22}
{"obj": {"type": "AssignString", "path": ["parameters", "class_weight"], "value": "False"}, "version": 23}
{"obj": {"type": "AssignString", "path": ["parameters", "learning_rate_scheduler"], "value": "default"}, "version": 24}
{"obj": {"type": "AssignString", "path": ["metrics", "time"], "value": "5.799 min"}, "version": 25}
{"obj": {"type": "AssignFloat", "path": ["metrics", "test_f1"], "value": 0.3584020305170658}, "version": 26}
{"obj": {"type": "AssignFloat", "path": ["metrics", "test_accuracy"], "value": 0.8417085427135679}, "version": 27}
{"obj": {"type": "LogStrings", "path": ["monitoring", "stdout"], "values": [{"value": " Confusion Matrix: [[130   0   1   1   0   1  11   0   0   0]\n [  0 505   1   0   0   0   0   0   0   0]\n [  0   0   3   0   0   0   1   0   0   0]\n [  1   0   0   1   0   4  37   2   0   0]\n [  2   0   0   1   0   0   6   2   0   0]\n [  1   0   4   0   1   3   4   2   0   0]\n [  2   1   3   2   1   1  12   0   1   1]\n [  0   0   1   0   1   0   4   0   1   0]\n [  2   1   4   1   1   1   3   0   3   0]\n [  0   0  10   0   0   0   0   0   1  13]]", "step": null, "ts": 1682775224.861024}]}, "version": 28}
{"obj": {"type": "LogStrings", "path": ["monitoring", "stdout"], "values": [{"value": "\n", "step": null, "ts": 1682775224.8739295}]}, "version": 29}
{"obj": {"type": "LogStrings", "path": ["monitoring", "stdout"], "values": [{"value": "              precision    recall  f1-score   support\n\n        EGFR       0.94      0.90      0.92       144\n        HDAC       1.00      1.00      1.00       506\n        PARP       0.11      0.75      0.19         4\n        adre       0.17      0.02      0.04        45\n        adre       0.00      0.00      0.00        11\n        cycl       0.30      0.20      0.24        15\n        dopa       0.15      0.50      0.24        24\n        hist       0.00      0.00      0.00         7\n        phos       0.50      0.19      0.27        16\n        topo       0.93      0.54      0.68        24\n\n    accuracy                           0.84       796\n   macro avg       0.41      0.41      0.36       796\nweighted avg       0.86      0.84      0.84       796\n", "step": null, "ts": 1682775226.389167}]}, "version": 30}
{"obj": {"type": "LogStrings", "path": ["monitoring", "stdout"], "values": [{"value": "\n", "step": null, "ts": 1682775226.3921475}]}, "version": 31}
{"obj": {"type": "UploadFile", "path": ["files", "classif_info"], "ext": "txt", "file_path": "/home/jovyan/Tomics-CP-Chem-MoA/data_for_models/random/class_info.txt", "tmp_file_name": null, "clean_after_upload": false}, "version": 32}
{"obj": {"type": "UploadFile", "path": ["images", "conf_matrix"], "ext": "png", "file_path": "/home/jovyan/Tomics-CP-Chem-MoA/data_for_models/random/conf_matrix.png", "tmp_file_name": null, "clean_after_upload": false}, "version": 33}
{"obj": {"type": "LogStrings", "path": ["monitoring", "stdout"], "values": [{"value": "Running KNN model. ", "step": null, "ts": 1682775226.3990178}]}, "version": 34}
{"obj": {"type": "LogStrings", "path": ["monitoring", "stdout"], "values": [{"value": "\n", "step": null, "ts": 1682775226.4013267}]}, "version": 35}
{"obj": {"type": "LogStrings", "path": ["monitoring", "stderr"], "values": [{"value": "/home/jovyan/.local/lib/python3.8/site-packages/sklearn/neighbors/_classification.py:211: FutureWarning: Unlike other reduction functions (e.g. `skew`, `kurtosis`), the default behavior of `mode` typically preserves the axis it acts along. In SciPy 1.11.0, this behavior will change: the default value of `keepdims` will become False, the `axis` over which the statistic is taken will be eliminated, and the value None will no longer be accepted. Set `keepdims` to True or False to avoid this warning.\n  mode, _ = stats.mode(_y[neigh_ind, k], axis=1)\n", "step": null, "ts": 1682775226.8099015}]}, "version": 36}
{"obj": {"type": "LogStrings", "path": ["monitoring", "stdout"], "values": [{"value": "0.53", "step": null, "ts": 1682775226.928334}]}, "version": 37}
{"obj": {"type": "LogStrings", "path": ["monitoring", "stdout"], "values": [{"value": "\n", "step": null, "ts": 1682775226.9344869}]}, "version": 38}
{"obj": {"type": "LogStrings", "path": ["monitoring", "stdout"], "values": [{"value": "\u2552\u2550\u2550\u2550\u2550\u2550\u2550\u2550\u2550\u2550\u2550\u2550\u2550\u2550\u2550\u2550\u2550\u2550\u2550\u2550\u2550\u2550\u2550\u2564\u2550\u2550\u2550\u2550\u2550\u2550\u2550\u2550\u2550\u2550\u2550\u2550\u2550\u2550\u2550\u2550\u2550\u2550\u2550\u2550\u2555\n\u2502 Time to Run Program  \u2502 0.53 sec           \u2502\n\u251c\u2500\u2500\u2500\u2500\u2500\u2500\u2500\u2500\u2500\u2500\u2500\u2500\u2500\u2500\u2500\u2500\u2500\u2500\u2500\u2500\u2500\u2500\u253c\u2500\u2500\u2500\u2500\u2500\u2500\u2500\u2500\u2500\u2500\u2500\u2500\u2500\u2500\u2500\u2500\u2500\u2500\u2500\u2500\u2524\n\u2502 Accuracy of Test Set \u2502 0.7587939698492462 \u2502\n\u251c\u2500\u2500\u2500\u2500\u2500\u2500\u2500\u2500\u2500\u2500\u2500\u2500\u2500\u2500\u2500\u2500\u2500\u2500\u2500\u2500\u2500\u2500\u253c\u2500\u2500\u2500\u2500\u2500\u2500\u2500\u2500\u2500\u2500\u2500\u2500\u2500\u2500\u2500\u2500\u2500\u2500\u2500\u2500\u2524\n\u2502 F1 Score of Test Set \u2502 0.2728341426643155 \u2502\n\u2558\u2550\u2550\u2550\u2550\u2550\u2550\u2550\u2550\u2550\u2550\u2550\u2550\u2550\u2550\u2550\u2550\u2550\u2550\u2550\u2550\u2550\u2550\u2567\u2550\u2550\u2550\u2550\u2550\u2550\u2550\u2550\u2550\u2550\u2550\u2550\u2550\u2550\u2550\u2550\u2550\u2550\u2550\u2550\u255b", "step": null, "ts": 1682775226.9421055}]}, "version": 39}
{"obj": {"type": "LogStrings", "path": ["monitoring", "stdout"], "values": [{"value": "\n", "step": null, "ts": 1682775226.9597294}]}, "version": 40}
{"obj": {"type": "LogStrings", "path": ["monitoring", "stdout"], "values": [{"value": "https://app.neptune.ai/erik-everett-palm/Tomics-Models/e/TOM1-489\n", "step": null, "ts": 1682775227.535128}]}, "version": 41}
{"obj": {"type": "LogStrings", "path": ["monitoring", "stdout"], "values": [{"value": " Confusion Matrix: [[ 71   0   8   0   0   0  60   1   4   0]\n [  1 500   0   0   0   0   4   0   0   1]\n [  0   0   3   0   0   0   1   0   0   0]\n [  0   0   3   1   0   1  40   0   0   0]\n [  1   0   1   0   0   0   8   1   0   0]\n [  0   0   4   0   2   1   6   1   1   0]\n [  1   0   2   0   0   2  17   0   2   0]\n [  0   0   3   0   0   0   4   0   0   0]\n [  0   0   6   1   0   1   7   1   0   0]\n [  0   0  12   0   1   0   0   0   0  11]]", "step": null, "ts": 1682775227.7518735}]}, "version": 42}
{"obj": {"type": "LogStrings", "path": ["monitoring", "stdout"], "values": [{"value": "\n", "step": null, "ts": 1682775227.7585177}]}, "version": 43}
{"obj": {"type": "LogStrings", "path": ["monitoring", "stdout"], "values": [{"value": "              precision    recall  f1-score   support\n\n        EGFR       0.96      0.49      0.65       144\n        HDAC       1.00      0.99      0.99       506\n        PARP       0.07      0.75      0.13         4\n        adre       0.50      0.02      0.04        45\n        adre       0.00      0.00      0.00        11\n        cycl       0.20      0.07      0.10        15\n        dopa       0.12      0.71      0.20        24\n        hist       0.00      0.00      0.00         7\n        phos       0.00      0.00      0.00        16\n        topo       0.92      0.46      0.61        24\n\n    accuracy                           0.76       796\n   macro avg       0.38      0.35      0.27       796\nweighted avg       0.87      0.76      0.78       796\n", "step": null, "ts": 1682775229.027673}]}, "version": 44}
{"obj": {"type": "LogStrings", "path": ["monitoring", "stdout"], "values": [{"value": "\n", "step": null, "ts": 1682775229.0304744}]}, "version": 45}
{"obj": {"type": "LogStrings", "path": ["monitoring", "stdout"], "values": [{"value": "Running Bagg model. ", "step": null, "ts": 1682775229.038716}]}, "version": 46}
{"obj": {"type": "LogStrings", "path": ["monitoring", "stdout"], "values": [{"value": "\n", "step": null, "ts": 1682775229.0423806}]}, "version": 47}
{"obj": {"type": "LogFloats", "path": ["monitoring", "cpu"], "values": [{"value": 58.4, "step": null, "ts": 1682775234.845854}]}, "version": 48}
{"obj": {"type": "LogFloats", "path": ["monitoring", "memory"], "values": [{"value": 190.669189453125, "step": null, "ts": 1682775234.845854}]}, "version": 49}
{"obj": {"type": "LogStrings", "path": ["monitoring", "stdout"], "values": [{"value": "7.03", "step": null, "ts": 1682775236.0695853}]}, "version": 50}
{"obj": {"type": "LogStrings", "path": ["monitoring", "stdout"], "values": [{"value": "\n", "step": null, "ts": 1682775236.0795796}]}, "version": 51}
{"obj": {"type": "LogStrings", "path": ["monitoring", "stdout"], "values": [{"value": "\u2552\u2550\u2550\u2550\u2550\u2550\u2550\u2550\u2550\u2550\u2550\u2550\u2550\u2550\u2550\u2550\u2550\u2550\u2550\u2550\u2550\u2550\u2550\u2564\u2550\u2550\u2550\u2550\u2550\u2550\u2550\u2550\u2550\u2550\u2550\u2550\u2550\u2550\u2550\u2550\u2550\u2550\u2550\u2550\u2550\u2555\n\u2502 Time to Run Program  \u2502 7.03 sec            \u2502\n\u251c\u2500\u2500\u2500\u2500\u2500\u2500\u2500\u2500\u2500\u2500\u2500\u2500\u2500\u2500\u2500\u2500\u2500\u2500\u2500\u2500\u2500\u2500\u253c\u2500\u2500\u2500\u2500\u2500\u2500\u2500\u2500\u2500\u2500\u2500\u2500\u2500\u2500\u2500\u2500\u2500\u2500\u2500\u2500\u2500\u2524\n\u2502 Accuracy of Test Set \u2502 0.8140703517587939  \u2502\n\u251c\u2500\u2500\u2500\u2500\u2500\u2500\u2500\u2500\u2500\u2500\u2500\u2500\u2500\u2500\u2500\u2500\u2500\u2500\u2500\u2500\u2500\u2500\u253c\u2500\u2500\u2500\u2500\u2500\u2500\u2500\u2500\u2500\u2500\u2500\u2500\u2500\u2500\u2500\u2500\u2500\u2500\u2500\u2500\u2500\u2524\n\u2502 F1 Score of Test Set \u2502 0.30119205570910107 \u2502\n\u2558\u2550\u2550\u2550\u2550\u2550\u2550\u2550\u2550\u2550\u2550\u2550\u2550\u2550\u2550\u2550\u2550\u2550\u2550\u2550\u2550\u2550\u2550\u2567\u2550\u2550\u2550\u2550\u2550\u2550\u2550\u2550\u2550\u2550\u2550\u2550\u2550\u2550\u2550\u2550\u2550\u2550\u2550\u2550\u2550\u255b", "step": null, "ts": 1682775236.0957394}]}, "version": 52}
{"obj": {"type": "LogStrings", "path": ["monitoring", "stdout"], "values": [{"value": "\n", "step": null, "ts": 1682775236.1248252}]}, "version": 53}
{"obj": {"type": "LogStrings", "path": ["monitoring", "stdout"], "values": [{"value": "https://app.neptune.ai/erik-everett-palm/Tomics-Models/e/TOM1-490\n", "step": null, "ts": 1682775236.6450186}]}, "version": 54}
{"obj": {"type": "LogStrings", "path": ["monitoring", "stdout"], "values": [{"value": " Confusion Matrix: [[119   2   8   0   2   1   9   0   1   2]\n [  0 499   0   0   0   0   2   0   0   5]\n [  0   0   3   0   0   0   0   0   1   0]\n [  7   1   4   2   0   1  29   0   1   0]\n [  3   0   1   0   1   0   6   0   0   0]\n [  1   0   7   2   2   0   2   0   1   0]\n [  5   1   2   0   1   1  11   1   1   1]\n [  0   1   1   0   1   0   4   0   0   0]\n [  3   1   5   1   3   1   0   0   1   1]\n [  1   1   9   0   0   0   0   0   1  12]]", "step": null, "ts": 1682775237.0346978}]}, "version": 55}
{"obj": {"type": "LogStrings", "path": ["monitoring", "stdout"], "values": [{"value": "\n", "step": null, "ts": 1682775237.066027}]}, "version": 56}
{"obj": {"type": "LogStrings", "path": ["monitoring", "stdout"], "values": [{"value": "              precision    recall  f1-score   support\n\n        EGFR       0.86      0.83      0.84       144\n        HDAC       0.99      0.99      0.99       506\n        PARP       0.07      0.75      0.14         4\n        adre       0.40      0.04      0.08        45\n        adre       0.10      0.09      0.10        11\n        cycl       0.00      0.00      0.00        15\n        dopa       0.17      0.46      0.25        24\n        hist       0.00      0.00      0.00         7\n        phos       0.14      0.06      0.09        16\n        topo       0.57      0.50      0.53        24\n\n    accuracy                           0.81       796\n   macro avg       0.33      0.37      0.30       796\nweighted avg       0.83      0.81      0.81       796\n", "step": null, "ts": 1682775238.8987932}]}, "version": 57}
{"obj": {"type": "LogStrings", "path": ["monitoring", "stdout"], "values": [{"value": "\n", "step": null, "ts": 1682775238.9034207}]}, "version": 58}
{"obj": {"type": "LogFloats", "path": ["monitoring", "cpu"], "values": [{"value": 56.4, "step": null, "ts": 1682775244.851707}]}, "version": 59}
{"obj": {"type": "LogFloats", "path": ["monitoring", "memory"], "values": [{"value": 189.9912986755371, "step": null, "ts": 1682775244.851707}]}, "version": 60}
